2024-11-22 15:34:10 [ERROR]: Ошибка подключения к Modbus на порту COM13:
2024-11-22 15:34:10 [ERROR]: Ошибка подключения к Modbus на порту COM7:
2024-11-22 15:34:10 [ERROR]: Ошибка подключения к Modbus на порту COM1:
2024-11-22 15:34:10 [ERROR]: [Mill1] Ошибка при выполнении операции на адресе 0 на порту COM13, попытка 1/3:
2024-11-22 15:34:10 [ERROR]: [Mill2] Ошибка при выполнении операции на адресе 0 на порту COM7, попытка 1/3:
2024-11-22 15:34:10 [ERROR]: [Mill10b] Ошибка при выполнении операции на адресе 0 на порту COM1, попытка 1/3:
2024-11-22 15:34:20 [ERROR]: Ошибка при выполнении операции из очереди COM7:
2024-11-22 15:34:40 [ERROR]: [Sushilka2] Ошибка при выполнении операции на адресе 0 на порту COM3, попытка 1/3:
2024-11-22 15:35:02 [ERROR]: [Mill10b] Ошибка при выполнении операции на адресе 2 на порту COM1, попытка 1/3:
2024-11-22 15:35:32 [ERROR]: [Mill10b] Ошибка при выполнении операции на адресе 4 на порту COM1, попытка 1/3:
2024-11-22 15:36:12 [ERROR]: [Mill10b] Ошибка при выполнении операции на адресе 4 на порту COM1, попытка 1/3:
2024-11-22 15:36:30 [ERROR]: [Sushilka2] Ошибка при выполнении операции на адресе 0 на порту COM3, попытка 1/3:
2024-11-22 15:36:32 [ERROR]: [Mill10b] Ошибка при выполнении операции на адресе 0 на порту COM1, попытка 1/3:
2024-11-22 15:37:10 [ERROR]: [Sushilka2] Ошибка при выполнении операции на адресе 0 на порту COM3, попытка 1/3:
2024-11-22 15:38:42 [ERROR]: [Mill10b] Ошибка при выполнении операции на адресе 1 на порту COM1, попытка 1/3:
2024-11-22 15:38:54 [ERROR]: [Mill10b] Ошибка при выполнении операции на адресе 7 на порту COM1, попытка 1/3:
2024-11-22 15:41:02 [ERROR]: [Mill10b] Ошибка при выполнении операции на адресе 5 на порту COM1, попытка 1/3:
2024-11-22 15:42:13 [ERROR]: Ошибка при выполнении операции из очереди COM7:
2024-11-22 15:42:15 [ERROR]: [ReactorK296] Ошибка при выполнении операции на адресе 0 на порту COM7, попытка 1/3:
2024-11-22 15:42:15 [ERROR]: Ошибка подключения к Modbus на порту COM7:
2024-11-22 15:43:02 [ERROR]: [Mill10b] Ошибка при выполнении операции на адресе 1 на порту COM1, попытка 1/3:
2024-11-22 15:43:20 [ERROR]: [Sushilka2] Ошибка при выполнении операции на адресе 0 на порту COM3, попытка 1/3:
2024-11-22 15:44:43 [ERROR]: Ошибка при выполнении операции из очереди COM7:
2024-11-22 15:44:45 [ERROR]: [ReactorK296] Ошибка при выполнении операции на адресе 0 на порту COM7, попытка 1/3:
2024-11-22 15:44:45 [ERROR]: Ошибка подключения к Modbus на порту COM7:
2024-11-22 15:46:03 [ERROR]: [Mill10b] Ошибка при выполнении операции на адресе 8 на порту COM1, попытка 1/3:
2024-11-22 15:46:23 [ERROR]: [Mill10b] Ошибка при выполнении операции на адресе 8 на порту COM1, попытка 1/3:
2024-11-22 15:48:23 [ERROR]: [Mill10b] Ошибка при выполнении операции на адресе 7 на порту COM1, попытка 1/3:
2024-11-22 15:48:52 [ERROR]: [Mill10b] Ошибка при выполнении операции на адресе 0 на порту COM1, попытка 1/3:
2024-11-22 15:49:05 [ERROR]: [Mill10b] Ошибка при выполнении операции на адресе 6 на порту COM1, попытка 1/3:
2024-11-22 15:49:23 [ERROR]: [Mill10b] Ошибка при выполнении операции на адресе 5 на порту COM1, попытка 1/3:
2024-11-22 15:50:30 [ERROR]: [Sushilka2] Ошибка при выполнении операции на адресе 0 на порту COM3, попытка 1/3:
2024-11-22 15:50:43 [ERROR]: [Mill10b] Ошибка при выполнении операции на адресе 3 на порту COM1, попытка 1/3:
2024-11-22 15:52:51 [ERROR]: [Sushilka2] Ошибка при выполнении операции на адресе 0 на порту COM3, попытка 1/3:
2024-11-22 15:53:24 [ERROR]: Ошибка при выполнении операции из очереди COM7:
2024-11-22 15:53:26 [ERROR]: [ReactorK296] Ошибка при выполнении операции на адресе 0 на порту COM7, попытка 1/3:
2024-11-22 15:53:26 [ERROR]: Ошибка подключения к Modbus на порту COM7:
2024-11-22 15:53:33 [ERROR]: [Mill10b] Ошибка при выполнении операции на адресе 6 на порту COM1, попытка 1/3:
2024-11-22 15:55:13 [ERROR]: [Mill10b] Ошибка при выполнении операции на адресе 7 на порту COM1, попытка 1/3:
2024-11-22 15:55:40 [ERROR]: [Mill10b] Ошибка при выполнении операции на адресе 7 на порту COM1, попытка 2/3:
2024-11-22 15:55:53 [ERROR]: [Mill10b] Ошибка при выполнении операции на адресе 4 на порту COM1, попытка 1/3:
2024-11-22 15:57:14 [ERROR]: Ошибка при выполнении операции из очереди COM7:
2024-11-22 15:57:16 [ERROR]: [ReactorK296] Ошибка при выполнении операции на адресе 0 на порту COM7, попытка 1/3:
2024-11-22 15:57:16 [ERROR]: Ошибка подключения к Modbus на порту COM7:
2024-11-22 15:58:33 [ERROR]: [Mill10b] Ошибка при выполнении операции на адресе 0 на порту COM1, попытка 1/3:
2024-11-22 15:59:14 [ERROR]: Ошибка при выполнении операции из очереди COM7:
2024-11-22 15:59:16 [ERROR]: [ReactorK296] Ошибка при выполнении операции на адресе 0 на порту COM7, попытка 1/3:
2024-11-22 15:59:16 [ERROR]: Ошибка подключения к Modbus на порту COM7:
2024-11-22 16:00:07 [ERROR]: Ошибка подключения к Modbus на порту COM13:
2024-11-22 16:00:07 [ERROR]: Ошибка подключения к Modbus на порту COM7:
2024-11-22 16:00:07 [ERROR]: Ошибка подключения к Modbus на порту COM1:
2024-11-22 16:00:07 [ERROR]: [Mill1] Ошибка при выполнении операции на адресе 0 на порту COM13, попытка 1/3:
2024-11-22 16:00:07 [ERROR]: [Mill2] Ошибка при выполнении операции на адресе 0 на порту COM7, попытка 1/3:
2024-11-22 16:00:07 [ERROR]: [Mill10b] Ошибка при выполнении операции на адресе 0 на порту COM1, попытка 1/3:
2024-11-22 16:00:17 [ERROR]: Ошибка при выполнении операции из очереди COM7:
2024-11-22 16:00:44 [ERROR]: [Mill10b] Ошибка при выполнении операции на адресе 7 на порту COM1, попытка 1/3:
2024-11-22 16:00:47 [ERROR]: [Sushilka2] Ошибка при выполнении операции на адресе 0 на порту COM3, попытка 1/3:
2024-11-22 16:01:27 [ERROR]: Ошибка подключения к Modbus на порту COM13:
2024-11-22 16:01:27 [ERROR]: Ошибка подключения к Modbus на порту COM7:
2024-11-22 16:01:27 [ERROR]: [Mill1] Ошибка при выполнении операции на адресе 0 на порту COM13, попытка 1/3:
2024-11-22 16:01:27 [ERROR]: [Mill2] Ошибка при выполнении операции на адресе 0 на порту COM7, попытка 1/3:
2024-11-22 16:01:27 [ERROR]: Ошибка подключения к Modbus на порту COM1:
2024-11-22 16:01:27 [ERROR]: [Mill10b] Ошибка при выполнении операции на адресе 0 на порту COM1, попытка 1/3:
2024-11-22 16:01:38 [ERROR]: Ошибка подключения к Modbus на порту COM1:
2024-11-22 16:01:38 [ERROR]: Ошибка подключения к Modbus на порту COM7:
2024-11-22 16:01:38 [ERROR]: Ошибка подключения к Modbus на порту COM13:
2024-11-22 16:01:38 [ERROR]: [Mill10b] Ошибка при выполнении операции на адресе 0 на порту COM1, попытка 1/3:
2024-11-22 16:01:38 [ERROR]: [Mill2] Ошибка при выполнении операции на адресе 0 на порту COM7, попытка 1/3:
2024-11-22 16:01:38 [ERROR]: [Mill1] Ошибка при выполнении операции на адресе 0 на порту COM13, попытка 1/3:
2024-11-22 16:01:48 [ERROR]: Ошибка при выполнении операции из очереди COM7:
2024-11-22 16:01:50 [ERROR]: [VR1] Ошибка при выполнении операции на адресе 2 на порту COM8, попытка 1/3:
2024-11-22 16:02:13 [ERROR]: Ошибка при выполнении операции из очереди COM7:
2024-11-22 16:02:15 [ERROR]: [ReactorK296] Ошибка при выполнении операции на адресе 0 на порту COM7, попытка 1/3:
2024-11-22 16:02:15 [ERROR]: Ошибка подключения к Modbus на порту COM7:
2024-11-22 16:02:18 [ERROR]: [Mill2] Ошибка при выполнении операции на адресе 0 на порту COM7, попытка 1/3:
2024-11-22 16:04:50 [ERROR]: [Mill10b] Ошибка при выполнении операции на адресе 3 на порту COM1, попытка 1/3:
2024-11-22 16:04:58 [ERROR]: [Sushilka2] Ошибка при выполнении операции на адресе 0 на порту COM3, попытка 1/3:
2024-11-22 16:05:20 [ERROR]: [Mill10b] Ошибка при выполнении операции на адресе 6 на порту COM1, попытка 1/3:
2024-11-22 16:05:40 [ERROR]: [Mill10b] Ошибка при выполнении операции на адресе 2 на порту COM1, попытка 1/3:
2024-11-22 16:07:10 [ERROR]: [Mill10b] Ошибка при выполнении операции на адресе 3 на порту COM1, попытка 1/3:
2024-11-22 16:07:21 [ERROR]: Ошибка при выполнении операции из очереди COM7:
2024-11-22 16:07:23 [ERROR]: [ReactorK296] Ошибка при выполнении операции на адресе 0 на порту COM7, попытка 1/3:
2024-11-22 16:07:23 [ERROR]: Ошибка подключения к Modbus на порту COM7:
2024-11-22 16:07:38 [ERROR]: [Sushilka2] Ошибка при выполнении операции на адресе 0 на порту COM3, попытка 1/3:
2024-11-22 16:08:11 [ERROR]: Ошибка при выполнении операции из очереди COM7:
2024-11-22 16:08:13 [ERROR]: [ReactorK296] Ошибка при выполнении операции на адресе 0 на порту COM7, попытка 1/3:
2024-11-22 16:08:13 [ERROR]: Ошибка подключения к Modbus на порту COM7:
2024-11-22 16:08:20 [ERROR]: [Mill10b] Ошибка при выполнении операции на адресе 4 на порту COM1, попытка 1/3:
2024-11-22 16:08:32 [ERROR]: [Mill10b] Ошибка при выполнении операции на адресе 2 на порту COM1, попытка 1/3:
2024-11-22 16:09:20 [ERROR]: [Mill10b] Ошибка при выполнении операции на адресе 6 на порту COM1, попытка 1/3:
2024-11-22 16:10:18 [ERROR]: [Sushilka2] Ошибка при выполнении операции на адресе 0 на порту COM3, попытка 1/3:
2024-11-22 16:10:48 [ERROR]: [Sushilka2] Ошибка при выполнении операции на адресе 0 на порту COM3, попытка 1/3:
2024-11-22 16:11:58 [ERROR]: [Sushilka2] Ошибка при выполнении операции на адресе 0 на порту COM3, попытка 1/3:
2024-11-22 16:12:00 [ERROR]: [Mill10b] Ошибка при выполнении операции на адресе 8 на порту COM1, попытка 1/3:
2024-11-22 16:12:48 [ERROR]: [Sushilka2] Ошибка при выполнении операции на адресе 0 на порту COM3, попытка 1/3:
2024-11-22 16:14:00 [ERROR]: [Mill10b] Ошибка при выполнении операции на адресе 0 на порту COM1, попытка 1/3:
2024-11-22 16:14:31 [ERROR]: [Mill10b] Ошибка при выполнении операции на адресе 7 на порту COM1, попытка 1/3:
2024-11-22 16:14:38 [ERROR]: [Sushilka2] Ошибка при выполнении операции на адресе 0 на порту COM3, попытка 1/3:
2024-11-22 16:15:31 [ERROR]: Ошибка при выполнении операции из очереди COM7:
2024-11-22 16:15:33 [ERROR]: [ReactorK296] Ошибка при выполнении операции на адресе 0 на порту COM7, попытка 1/3:
2024-11-22 16:15:33 [ERROR]: Ошибка подключения к Modbus на порту COM7:
2024-11-22 16:15:59 [ERROR]: Ошибка при выполнении операции из очереди COM7:
2024-11-22 16:16:01 [ERROR]: [Mill2] Ошибка при выполнении операции на адресе 0 на порту COM7, попытка 1/3:
2024-11-22 16:16:01 [ERROR]: Ошибка подключения к Modbus на порту COM7:
2024-11-22 16:17:11 [ERROR]: Ошибка при выполнении операции из очереди COM7:
2024-11-22 16:17:13 [ERROR]: [ReactorK296] Ошибка при выполнении операции на адресе 0 на порту COM7, попытка 1/3:
2024-11-22 16:17:13 [ERROR]: Ошибка подключения к Modbus на порту COM7:
2024-11-22 16:18:11 [ERROR]: Ошибка при выполнении операции из очереди COM7:
2024-11-22 16:18:13 [ERROR]: [ReactorK296] Ошибка при выполнении операции на адресе 0 на порту COM7, попытка 1/3:
2024-11-22 16:18:13 [ERROR]: Ошибка подключения к Modbus на порту COM7:
2024-11-22 16:19:21 [ERROR]: [Mill10b] Ошибка при выполнении операции на адресе 6 на порту COM1, попытка 1/3:
2024-11-22 16:19:41 [ERROR]: [Mill10b] Ошибка при выполнении операции на адресе 4 на порту COM1, попытка 1/3:
2024-11-22 16:23:20 [ERROR]: [Mill10b] Ошибка при выполнении операции на адресе 0 на порту COM1, попытка 1/3:
2024-11-22 16:23:22 [ERROR]: Ошибка при выполнении операции из очереди COM7:
2024-11-22 16:23:24 [ERROR]: [ReactorK296] Ошибка при выполнении операции на адресе 0 на порту COM7, попытка 1/3:
2024-11-22 16:23:24 [ERROR]: Ошибка подключения к Modbus на порту COM7:
2024-11-22 16:23:39 [ERROR]: Ошибка при выполнении операции из очереди COM7:
2024-11-22 16:23:41 [ERROR]: [ReactorK296] Ошибка при выполнении операции на адресе 0 на порту COM7, попытка 1/3:
2024-11-22 16:23:41 [ERROR]: Ошибка подключения к Modbus на порту COM7:
2024-11-22 16:23:41 [ERROR]: [ReactorK296] Ошибка при выполнении операции на адресе 2 на порту COM7, попытка 1/3:
2024-11-22 16:24:07 [ERROR]: Ошибка при выполнении операции из очереди COM7:
2024-11-22 16:24:09 [ERROR]: [Mill2] Ошибка при выполнении операции на адресе 0 на порту COM7, попытка 1/3:
2024-11-22 16:24:21 [ERROR]: [ReactorK296] Ошибка при выполнении операции на адресе 12 на порту COM7, попытка 1/3:
2024-11-22 16:24:21 [ERROR]: [Mill10b] Ошибка при выполнении операции на адресе 8 на порту COM1, попытка 1/3:
2024-11-22 16:24:33 [ERROR]: [ReactorK296] Ошибка при выполнении операции на адресе 14 на порту COM7, попытка 1/3:
2024-11-22 16:24:33 [ERROR]: [Mill2] Ошибка при выполнении операции на адресе 0 на порту COM7, попытка 2/3:
2024-11-22 16:24:33 [ERROR]: Ошибка подключения к Modbus на порту COM7:
2024-11-22 16:24:58 [ERROR]: Ошибка при выполнении операции из очереди COM7:
2024-11-22 16:25:00 [ERROR]: [Mill2] Ошибка при выполнении операции на адресе 0 на порту COM7, попытка 3/3:
2024-11-22 16:25:12 [ERROR]: [ReactorK296] Ошибка при выполнении операции на адресе 0 на порту COM7, попытка 1/3:
2024-11-22 16:25:12 [ERROR]: [Mill2] Ошибка при выполнении операции на адресе 1 на порту COM7, попытка 1/3:
2024-11-22 16:25:12 [ERROR]: Ошибка подключения к Modbus на порту COM7:
2024-11-22 16:25:37 [ERROR]: Ошибка при выполнении операции из очереди COM7:
2024-11-22 16:25:39 [ERROR]: [Mill2] Ошибка при выполнении операции на адресе 1 на порту COM7, попытка 2/3:
2024-11-22 16:25:51 [ERROR]: [ReactorK296] Ошибка при выполнении операции на адресе 2 на порту COM7, попытка 1/3:
2024-11-22 16:25:51 [ERROR]: Ошибка подключения к Modbus на порту COM7:
2024-11-22 16:25:51 [ERROR]: [Mill2] Ошибка при выполнении операции на адресе 1 на порту COM7, попытка 1/3:
2024-11-22 16:25:58 [ERROR]: [Sushilka2] Ошибка при выполнении операции на адресе 0 на порту COM3, попытка 1/3:
2024-11-22 16:26:16 [ERROR]: Ошибка при выполнении операции из очереди COM7:
2024-11-22 16:26:18 [ERROR]: [Mill2] Ошибка при выполнении операции на адресе 1 на порту COM7, попытка 2/3:
2024-11-22 16:26:30 [ERROR]: [ReactorK296] Ошибка при выполнении операции на адресе 6 на порту COM7, попытка 1/3:
2024-11-22 16:26:30 [ERROR]: Ошибка подключения к Modbus на порту COM7:
2024-11-22 16:26:30 [ERROR]: [ReactorK296] Ошибка при выполнении операции на адресе 2 на порту COM7, попытка 1/3:
2024-11-22 16:26:55 [ERROR]: Ошибка при выполнении операции из очереди COM7:
2024-11-22 16:26:57 [ERROR]: [Mill2] Ошибка при выполнении операции на адресе 0 на порту COM7, попытка 1/3:
2024-11-22 16:26:57 [ERROR]: Ошибка подключения к Modbus на порту COM7:
2024-11-22 16:27:11 [ERROR]: [ReactorK296] Ошибка при выполнении операции на адресе 0 на порту COM7, попытка 1/3:
2024-11-22 16:27:36 [ERROR]: Ошибка при выполнении операции из очереди COM7:
2024-11-22 16:27:38 [ERROR]: [Mill2] Ошибка при выполнении операции на адресе 0 на порту COM7, попытка 1/3:
2024-11-22 16:27:39 [ERROR]: Ошибка подключения к Modbus на порту COM7:
2024-11-22 16:27:39 [ERROR]: [ReactorK296] Ошибка при выполнении операции на адресе 6 на порту COM7, попытка 1/3:
2024-11-22 16:27:41 [ERROR]: [Mill10b] Ошибка при выполнении операции на адресе 1 на порту COM1, попытка 1/3:
2024-11-22 16:28:04 [ERROR]: Ошибка при выполнении операции из очереди COM7:
2024-11-22 16:28:06 [ERROR]: [Mill2] Ошибка при выполнении операции на адресе 1 на порту COM7, попытка 1/3:
2024-11-22 16:28:06 [ERROR]: [ReactorK296] Ошибка при выполнении операции на адресе 10 на порту COM7, попытка 1/3:
2024-11-22 16:28:06 [ERROR]: Ошибка подключения к Modbus на порту COM7:
2024-11-22 16:28:06 [ERROR]: [ReactorK296] Ошибка при выполнении операции на адресе 2 на порту COM7, попытка 1/3:
2024-11-22 16:30:57 [ERROR]: Ошибка при выполнении операции из очереди COM7:
2024-11-22 16:30:59 [ERROR]: [ReactorK296] Ошибка при выполнении операции на адресе 0 на порту COM7, попытка 1/3:
2024-11-22 16:30:59 [ERROR]: Ошибка подключения к Modbus на порту COM7:
2024-11-22 16:31:25 [ERROR]: Ошибка при выполнении операции из очереди COM7:
2024-11-22 16:31:27 [ERROR]: [Mill2] Ошибка при выполнении операции на адресе 0 на порту COM7, попытка 1/3:
2024-11-22 16:31:27 [ERROR]: Ошибка подключения к Modbus на порту COM7:
2024-11-22 16:31:29 [ERROR]: [ReactorK296] Ошибка при выполнении операции на адресе 0 на порту COM7, попытка 1/3:
2024-11-22 16:31:41 [ERROR]: [Mill10b] Ошибка при выполнении операции на адресе 4 на порту COM1, попытка 1/3:
2024-11-22 16:32:01 [ERROR]: [Mill10b] Ошибка при выполнении операции на адресе 8 на порту COM1, попытка 1/3:
2024-11-22 16:32:20 [ERROR]: Ошибка при выполнении операции из очереди COM7:
2024-11-22 16:32:22 [ERROR]: [ReactorK296] Ошибка при выполнении операции на адресе 0 на порту COM7, попытка 1/3:
2024-11-22 16:32:22 [ERROR]: Ошибка подключения к Modbus на порту COM7:
2024-11-22 16:32:41 [ERROR]: [Mill10b] Ошибка при выполнении операции на адресе 6 на порту COM1, попытка 1/3:
2024-11-22 16:34:29 [ERROR]: [Sushilka2] Ошибка при выполнении операции на адресе 0 на порту COM3, попытка 1/3:
2024-11-22 16:34:59 [ERROR]: [Sushilka2] Ошибка при выполнении операции на адресе 0 на порту COM3, попытка 1/3:
2024-11-22 16:36:42 [ERROR]: Ошибка при выполнении операции из очереди COM7:
2024-11-22 16:36:44 [ERROR]: [ReactorK296] Ошибка при выполнении операции на адресе 0 на порту COM7, попытка 1/3:
2024-11-22 16:36:44 [ERROR]: Ошибка подключения к Modbus на порту COM7:
2024-11-22 16:36:51 [ERROR]: [Mill10b] Ошибка при выполнении операции на адресе 4 на порту COM1, попытка 1/3:
2024-11-22 16:37:09 [ERROR]: Ошибка при выполнении операции из очереди COM7:
2024-11-22 16:37:11 [ERROR]: [Mill2] Ошибка при выполнении операции на адресе 0 на порту COM7, попытка 1/3:
2024-11-22 16:37:11 [ERROR]: Ошибка подключения к Modbus на порту COM7:
2024-11-22 16:38:41 [ERROR]: [Mill10b] Ошибка при выполнении операции на адресе 5 на порту COM1, попытка 1/3:
2024-11-22 16:39:12 [ERROR]: Ошибка при выполнении операции из очереди COM7:
2024-11-22 16:39:14 [ERROR]: [ReactorK296] Ошибка при выполнении операции на адресе 0 на порту COM7, попытка 1/3:
2024-11-22 16:39:14 [ERROR]: Ошибка подключения к Modbus на порту COM7:
2024-11-22 16:39:31 [ERROR]: [Mill10b] Ошибка при выполнении операции на адресе 7 на порту COM1, попытка 1/3:
2024-11-22 16:42:51 [ERROR]: [Mill10b] Ошибка при выполнении операции на адресе 2 на порту COM1, попытка 1/3:
2024-11-22 16:46:22 [ERROR]: [Mill10b] Ошибка при выполнении операции на адресе 6 на порту COM1, попытка 1/3:
2024-11-22 16:46:59 [ERROR]: [Sushilka2] Ошибка при выполнении операции на адресе 0 на порту COM3, попытка 1/3:
2024-11-22 16:48:59 [ERROR]: [Sushilka2] Ошибка при выполнении операции на адресе 0 на порту COM3, попытка 1/3:
2024-11-22 16:51:33 [ERROR]: Ошибка при выполнении операции из очереди COM7:
2024-11-22 16:51:35 [ERROR]: [ReactorK296] Ошибка при выполнении операции на адресе 0 на порту COM7, попытка 1/3:
2024-11-22 16:51:35 [ERROR]: Ошибка подключения к Modbus на порту COM7:
2024-11-22 16:53:12 [ERROR]: [Mill10b] Ошибка при выполнении операции на адресе 5 на порту COM1, попытка 1/3:
2024-11-22 16:53:32 [ERROR]: [Mill10b] Ошибка при выполнении операции на адресе 6 на порту COM1, попытка 1/3:
2024-11-22 16:53:53 [ERROR]: Ошибка при выполнении операции из очереди COM7:
2024-11-22 16:53:55 [ERROR]: [ReactorK296] Ошибка при выполнении операции на адресе 0 на порту COM7, попытка 1/3:
2024-11-22 16:53:55 [ERROR]: Ошибка подключения к Modbus на порту COM7:
2024-11-22 16:54:20 [ERROR]: Ошибка при выполнении операции из очереди COM7:
2024-11-22 16:54:22 [ERROR]: [Mill2] Ошибка при выполнении операции на адресе 0 на порту COM7, попытка 1/3:
2024-11-22 16:54:22 [ERROR]: Ошибка подключения к Modbus на порту COM7:
2024-11-22 16:55:00 [ERROR]: [Sushilka2] Ошибка при выполнении операции на адресе 0 на порту COM3, попытка 1/3:
2024-11-22 16:55:02 [ERROR]: [Mill10b] Ошибка при выполнении операции на адресе 2 на порту COM1, попытка 1/3:
2024-11-22 16:56:03 [ERROR]: Ошибка при выполнении операции из очереди COM7:
2024-11-22 16:56:05 [ERROR]: [ReactorK296] Ошибка при выполнении операции на адресе 0 на порту COM7, попытка 1/3:
2024-11-22 16:56:05 [ERROR]: Ошибка подключения к Modbus на порту COM7:
2024-11-22 16:57:20 [ERROR]: [Sushilka2] Ошибка при выполнении операции на адресе 0 на порту COM3, попытка 1/3:
2024-11-22 16:58:10 [ERROR]: [Sushilka2] Ошибка при выполнении операции на адресе 0 на порту COM3, попытка 1/3:
2024-11-22 16:58:50 [ERROR]: [Sushilka2] Ошибка при выполнении операции на адресе 0 на порту COM3, попытка 1/3:
2024-11-22 16:58:53 [ERROR]: Ошибка при выполнении операции из очереди COM7:
2024-11-22 16:58:55 [ERROR]: [ReactorK296] Ошибка при выполнении операции на адресе 0 на порту COM7, попытка 1/3:
2024-11-22 16:58:55 [ERROR]: Ошибка подключения к Modbus на порту COM7:
2024-11-22 16:59:02 [ERROR]: [Mill10b] Ошибка при выполнении операции на адресе 0 на порту COM1, попытка 1/3:
2024-11-22 16:59:20 [ERROR]: Ошибка при выполнении операции из очереди COM7:
2024-11-22 16:59:22 [ERROR]: [Mill2] Ошибка при выполнении операции на адресе 0 на порту COM7, попытка 1/3:
2024-11-22 16:59:22 [ERROR]: Ошибка подключения к Modbus на порту COM7:
2024-11-22 17:00:13 [ERROR]: Ошибка при выполнении операции из очереди COM7:
2024-11-22 17:00:15 [ERROR]: [ReactorK296] Ошибка при выполнении операции на адресе 0 на порту COM7, попытка 1/3:
2024-11-22 17:00:15 [ERROR]: Ошибка подключения к Modbus на порту COM7:
2024-11-22 17:01:00 [ERROR]: [Sushilka2] Ошибка при выполнении операции на адресе 0 на порту COM3, попытка 1/3:
2024-11-22 17:01:40 [ERROR]: [Sushilka2] Ошибка при выполнении операции на адресе 0 на порту COM3, попытка 1/3:
2024-11-22 17:02:40 [ERROR]: [Sushilka2] Ошибка при выполнении операции на адресе 0 на порту COM3, попытка 1/3:
2024-11-22 17:03:02 [ERROR]: [Mill10b] Ошибка при выполнении операции на адресе 2 на порту COM1, попытка 1/3:
2024-11-22 17:04:23 [ERROR]: Ошибка при выполнении операции из очереди COM7:
2024-11-22 17:04:25 [ERROR]: [ReactorK296] Ошибка при выполнении операции на адресе 0 на порту COM7, попытка 1/3:
2024-11-22 17:04:25 [ERROR]: Ошибка подключения к Modbus на порту COM7:
2024-11-22 17:04:42 [ERROR]: [Mill10b] Ошибка при выполнении операции на адресе 0 на порту COM1, попытка 1/3:
2024-11-22 17:06:20 [ERROR]: [Sushilka2] Ошибка при выполнении операции на адресе 0 на порту COM3, попытка 1/3:
2024-11-22 17:07:00 [ERROR]: [Sushilka2] Ошибка при выполнении операции на адресе 0 на порту COM3, попытка 1/3:
2024-11-22 17:08:30 [ERROR]: [Sushilka2] Ошибка при выполнении операции на адресе 0 на порту COM3, попытка 1/3:
2024-11-22 17:09:03 [ERROR]: Ошибка при выполнении операции из очереди COM7:
2024-11-22 17:09:05 [ERROR]: [ReactorK296] Ошибка при выполнении операции на адресе 0 на порту COM7, попытка 1/3:
2024-11-22 17:09:05 [ERROR]: Ошибка подключения к Modbus на порту COM7:
2024-11-22 17:09:22 [ERROR]: [Mill10b] Ошибка при выполнении операции на адресе 4 на порту COM1, попытка 1/3:
2024-11-22 17:09:31 [ERROR]: Ошибка при выполнении операции из очереди COM7:
2024-11-22 17:09:33 [ERROR]: [Mill2] Ошибка при выполнении операции на адресе 0 на порту COM7, попытка 1/3:
2024-11-22 17:09:33 [ERROR]: Ошибка подключения к Modbus на порту COM7:
2024-11-22 17:09:43 [ERROR]: [Mill10b] Ошибка при выполнении операции на адресе 7 на порту COM1, попытка 1/3:
2024-11-22 17:10:33 [ERROR]: [Mill10b] Ошибка при выполнении операции на адресе 6 на порту COM1, попытка 1/3:
2024-11-22 17:11:34 [ERROR]: Ошибка при выполнении операции из очереди COM7:
2024-11-22 17:11:36 [ERROR]: [ReactorK296] Ошибка при выполнении операции на адресе 0 на порту COM7, попытка 1/3:
2024-11-22 17:11:36 [ERROR]: Ошибка подключения к Modbus на порту COM7:
2024-11-22 17:12:34 [ERROR]: Ошибка при выполнении операции из очереди COM7:
2024-11-22 17:12:36 [ERROR]: [ReactorK296] Ошибка при выполнении операции на адресе 0 на порту COM7, попытка 1/3:
2024-11-22 17:12:36 [ERROR]: Ошибка подключения к Modbus на порту COM7:
2024-11-22 17:13:10 [ERROR]: [Sushilka2] Ошибка при выполнении операции на адресе 0 на порту COM3, попытка 1/3:
2024-11-22 17:13:51 [ERROR]: [Sushilka2] Ошибка при выполнении операции на адресе 0 на порту COM3, попытка 1/3:
2024-11-22 17:14:23 [ERROR]: [Mill10b] Ошибка при выполнении операции на адресе 3 на порту COM1, попытка 1/3:
2024-11-22 17:14:35 [ERROR]: [Mill10b] Ошибка при выполнении операции на адресе 5 на порту COM1, попытка 1/3:
2024-11-22 17:14:41 [ERROR]: [Sushilka2] Ошибка при выполнении операции на адресе 0 на порту COM3, попытка 1/3:
2024-11-22 17:14:53 [ERROR]: [Mill10b] Ошибка при выполнении операции на адресе 8 на порту COM1, попытка 1/3:
2024-11-22 17:15:33 [ERROR]: [Mill10b] Ошибка при выполнении операции на адресе 4 на порту COM1, попытка 1/3:
2024-11-22 17:16:11 [ERROR]: [Sushilka2] Ошибка при выполнении операции на адресе 0 на порту COM3, попытка 1/3:
2024-11-22 17:16:33 [ERROR]: [Mill10b] Ошибка при выполнении операции на адресе 3 на порту COM1, попытка 1/3:
2024-11-22 17:16:53 [ERROR]: [Mill10b] Ошибка при выполнении операции на адресе 4 на порту COM1, попытка 1/3:
2024-11-22 17:17:23 [ERROR]: [Mill10b] Ошибка при выполнении операции на адресе 4 на порту COM1, попытка 1/3:
2024-11-22 17:17:34 [ERROR]: Ошибка при выполнении операции из очереди COM7:
2024-11-22 17:17:36 [ERROR]: [ReactorK296] Ошибка при выполнении операции на адресе 0 на порту COM7, попытка 1/3:
2024-11-22 17:17:36 [ERROR]: Ошибка подключения к Modbus на порту COM7:
2024-11-22 17:17:53 [ERROR]: [Mill10b] Ошибка при выполнении операции на адресе 3 на порту COM1, попытка 1/3:
2024-11-22 17:18:14 [ERROR]: Ошибка при выполнении операции из очереди COM7:
2024-11-22 17:18:16 [ERROR]: [ReactorK296] Ошибка при выполнении операции на адресе 0 на порту COM7, попытка 1/3:
2024-11-22 17:18:16 [ERROR]: Ошибка подключения к Modbus на порту COM7:
2024-11-22 17:18:41 [ERROR]: Ошибка при выполнении операции из очереди COM7:
2024-11-22 17:18:43 [ERROR]: [Mill2] Ошибка при выполнении операции на адресе 0 на порту COM7, попытка 1/3:
2024-11-22 17:18:43 [ERROR]: Ошибка подключения к Modbus на порту COM7:
2024-11-22 17:21:23 [ERROR]: [Mill10b] Ошибка при выполнении операции на адресе 2 на порту COM1, попытка 1/3:
2024-11-22 17:21:35 [ERROR]: [Mill10b] Ошибка при выполнении операции на адресе 3 на порту COM1, попытка 1/3:
2024-11-22 17:22:23 [ERROR]: [Mill10b] Ошибка при выполнении операции на адресе 3 на порту COM1, попытка 1/3:
2024-11-22 17:23:34 [ERROR]: Ошибка при выполнении операции из очереди COM7:
2024-11-22 17:23:36 [ERROR]: [ReactorK296] Ошибка при выполнении операции на адресе 0 на порту COM7, попытка 1/3:
2024-11-22 17:23:36 [ERROR]: Ошибка подключения к Modbus на порту COM7:
2024-11-22 17:24:31 [ERROR]: [Sushilka2] Ошибка при выполнении операции на адресе 0 на порту COM3, попытка 1/3:
2024-11-22 17:24:53 [ERROR]: [Mill10b] Ошибка при выполнении операции на адресе 4 на порту COM1, попытка 1/3:
2024-11-22 17:25:01 [ERROR]: [Sushilka2] Ошибка при выполнении операции на адресе 0 на порту COM3, попытка 1/3:
2024-11-22 17:25:43 [ERROR]: [Mill10b] Ошибка при выполнении операции на адресе 8 на порту COM1, попытка 1/3:
2024-11-22 17:25:56 [ERROR]: [Mill10b] Ошибка при выполнении операции на адресе 3 на порту COM1, попытка 1/3:
2024-11-22 17:27:21 [ERROR]: [Sushilka2] Ошибка при выполнении операции на адресе 0 на порту COM3, попытка 1/3:
2024-11-22 17:27:24 [ERROR]: Ошибка при выполнении операции из очереди COM7:
2024-11-22 17:27:26 [ERROR]: [ReactorK296] Ошибка при выполнении операции на адресе 0 на порту COM7, попытка 1/3:
2024-11-22 17:27:26 [ERROR]: Ошибка подключения к Modbus на порту COM7:
2024-11-22 17:27:43 [ERROR]: [Mill10b] Ошибка при выполнении операции на адресе 1 на порту COM1, попытка 1/3:
2024-11-22 17:27:52 [ERROR]: Ошибка при выполнении операции из очереди COM7:
2024-11-22 17:27:54 [ERROR]: [Mill2] Ошибка при выполнении операции на адресе 0 на порту COM7, попытка 1/3:
2024-11-22 17:27:54 [ERROR]: Ошибка подключения к Modbus на порту COM7:
2024-11-22 17:27:55 [ERROR]: [Mill10b] Ошибка при выполнении операции на адресе 4 на порту COM1, попытка 1/3:
2024-11-22 17:29:14 [ERROR]: [Mill10b] Ошибка при выполнении операции на адресе 8 на порту COM1, попытка 1/3:
2024-11-22 17:29:51 [ERROR]: [Sushilka2] Ошибка при выполнении операции на адресе 0 на порту COM3, попытка 1/3:
2024-11-22 17:30:41 [ERROR]: [Sushilka2] Ошибка при выполнении операции на адресе 0 на порту COM3, попытка 1/3:
2024-11-22 17:31:24 [ERROR]: [Mill10b] Ошибка при выполнении операции на адресе 8 на порту COM1, попытка 1/3:
2024-11-22 17:31:31 [ERROR]: [Sushilka2] Ошибка при выполнении операции на адресе 0 на порту COM3, попытка 1/3:
2024-11-22 17:31:44 [ERROR]: [Mill10b] Ошибка при выполнении операции на адресе 5 на порту COM1, попытка 1/3:
2024-11-22 17:33:01 [ERROR]: [Sushilka2] Ошибка при выполнении операции на адресе 0 на порту COM3, попытка 1/3:
2024-11-22 17:33:23 [ERROR]: [Mill10b] Ошибка при выполнении операции на адресе 1 на порту COM1, попытка 1/3:
2024-11-22 17:33:44 [ERROR]: [Mill10b] Ошибка при выполнении операции на адресе 3 на порту COM1, попытка 1/3:
2024-11-22 17:34:05 [ERROR]: Ошибка при выполнении операции из очереди COM7:
2024-11-22 17:34:07 [ERROR]: [ReactorK296] Ошибка при выполнении операции на адресе 0 на порту COM7, попытка 1/3:
2024-11-22 17:34:07 [ERROR]: Ошибка подключения к Modbus на порту COM7:
2024-11-22 17:36:04 [ERROR]: [Mill10b] Ошибка при выполнении операции на адресе 4 на порту COM1, попытка 1/3:
2024-11-22 17:37:35 [ERROR]: Ошибка при выполнении операции из очереди COM7:
2024-11-22 17:37:37 [ERROR]: [ReactorK296] Ошибка при выполнении операции на адресе 0 на порту COM7, попытка 1/3:
2024-11-22 17:37:37 [ERROR]: Ошибка подключения к Modbus на порту COM7:
2024-11-22 17:38:34 [ERROR]: [Mill10b] Ошибка при выполнении операции на адресе 7 на порту COM1, попытка 1/3:
2024-11-22 17:39:12 [ERROR]: [Sushilka2] Ошибка при выполнении операции на адресе 0 на порту COM3, попытка 1/3:
2024-11-22 17:40:02 [ERROR]: [Sushilka2] Ошибка при выполнении операции на адресе 0 на порту COM3, попытка 1/3:
2024-11-22 17:40:15 [ERROR]: Ошибка при выполнении операции из очереди COM7:
2024-11-22 17:40:17 [ERROR]: [ReactorK296] Ошибка при выполнении операции на адресе 0 на порту COM7, попытка 1/3:
2024-11-22 17:40:17 [ERROR]: Ошибка подключения к Modbus на порту COM7:
2024-11-22 17:40:34 [ERROR]: [Mill10b] Ошибка при выполнении операции на адресе 7 на порту COM1, попытка 1/3:
2024-11-22 17:40:55 [ERROR]: Ошибка при выполнении операции из очереди COM7:
2024-11-22 17:40:57 [ERROR]: [ReactorK296] Ошибка при выполнении операции на адресе 0 на порту COM7, попытка 1/3:
2024-11-22 17:40:57 [ERROR]: Ошибка подключения к Modbus на порту COM7:
2024-11-22 17:41:22 [ERROR]: Ошибка при выполнении операции из очереди COM7:
2024-11-22 17:41:24 [ERROR]: [Mill2] Ошибка при выполнении операции на адресе 0 на порту COM7, попытка 1/3:
2024-11-22 17:41:24 [ERROR]: Ошибка подключения к Modbus на порту COM7:
2024-11-22 17:43:32 [ERROR]: [Sushilka2] Ошибка при выполнении операции на адресе 0 на порту COM3, попытка 1/3:
2024-11-22 17:44:22 [ERROR]: [Sushilka2] Ошибка при выполнении операции на адресе 0 на порту COM3, попытка 1/3:
2024-11-22 17:45:14 [ERROR]: [Mill10b] Ошибка при выполнении операции на адресе 1 на порту COM1, попытка 1/3:
2024-11-22 17:46:35 [ERROR]: Ошибка при выполнении операции из очереди COM7:
2024-11-22 17:46:37 [ERROR]: [ReactorK296] Ошибка при выполнении операции на адресе 0 на порту COM7, попытка 1/3:
2024-11-22 17:46:37 [ERROR]: Ошибка подключения к Modbus на порту COM7:
2024-11-22 17:47:04 [ERROR]: [Mill10b] Ошибка при выполнении операции на адресе 4 на порту COM1, попытка 1/3:
2024-11-22 17:47:32 [ERROR]: [Sushilka2] Ошибка при выполнении операции на адресе 0 на порту COM3, попытка 1/3:
2024-11-22 17:47:44 [ERROR]: [Mill10b] Ошибка при выполнении операции на адресе 3 на порту COM1, попытка 1/3:
2024-11-22 17:49:05 [ERROR]: Ошибка при выполнении операции из очереди COM7:
2024-11-22 17:49:07 [ERROR]: [ReactorK296] Ошибка при выполнении операции на адресе 0 на порту COM7, попытка 1/3:
2024-11-22 17:49:07 [ERROR]: Ошибка подключения к Modbus на порту COM7:
2024-11-22 17:49:33 [ERROR]: Ошибка при выполнении операции из очереди COM7:
2024-11-22 17:49:35 [ERROR]: [Mill2] Ошибка при выполнении операции на адресе 0 на порту COM7, попытка 1/3:
2024-11-22 17:49:35 [ERROR]: Ошибка подключения к Modbus на порту COM7:
2024-11-22 17:50:45 [ERROR]: Ошибка при выполнении операции из очереди COM7:
2024-11-22 17:50:47 [ERROR]: [ReactorK296] Ошибка при выполнении операции на адресе 0 на порту COM7, попытка 1/3:
2024-11-22 17:50:47 [ERROR]: Ошибка подключения к Modbus на порту COM7:
2024-11-22 17:51:04 [ERROR]: [Mill10b] Ошибка при выполнении операции на адресе 2 на порту COM1, попытка 1/3:
2024-11-22 17:52:14 [ERROR]: [Mill10b] Ошибка при выполнении операции на адресе 3 на порту COM1, попытка 1/3:
2024-11-22 17:53:14 [ERROR]: [Mill10b] Ошибка при выполнении операции на адресе 3 на порту COM1, попытка 1/3:
2024-11-22 17:53:42 [ERROR]: [Mill10b] Ошибка при выполнении операции на адресе 7 на порту COM1, попытка 1/3:
2024-11-22 17:54:32 [ERROR]: [Sushilka2] Ошибка при выполнении операции на адресе 0 на порту COM3, попытка 1/3:
2024-11-22 17:55:16 [ERROR]: Ошибка при выполнении операции из очереди COM7:
2024-11-22 17:55:18 [ERROR]: [ReactorK296] Ошибка при выполнении операции на адресе 0 на порту COM7, попытка 1/3:
2024-11-22 17:55:18 [ERROR]: Ошибка подключения к Modbus на порту COM7:
2024-11-22 17:55:22 [ERROR]: [Sushilka2] Ошибка при выполнении операции на адресе 0 на порту COM3, попытка 1/3:
2024-11-22 17:55:35 [ERROR]: [Mill10b] Ошибка при выполнении операции на адресе 7 на порту COM1, попытка 1/3:
2024-11-22 17:56:06 [ERROR]: Ошибка при выполнении операции из очереди COM7:
2024-11-22 17:56:08 [ERROR]: [ReactorK296] Ошибка при выполнении операции на адресе 0 на порту COM7, попытка 1/3:
2024-11-22 17:56:08 [ERROR]: Ошибка подключения к Modbus на порту COM7:
2024-11-22 17:56:56 [ERROR]: Ошибка при выполнении операции из очереди COM7:
2024-11-22 17:56:58 [ERROR]: [ReactorK296] Ошибка при выполнении операции на адресе 0 на порту COM7, попытка 1/3:
2024-11-22 17:56:58 [ERROR]: Ошибка подключения к Modbus на порту COM7:
2024-11-22 17:57:23 [ERROR]: Ошибка при выполнении операции из очереди COM7:
2024-11-22 17:57:25 [ERROR]: [Mill2] Ошибка при выполнении операции на адресе 0 на порту COM7, попытка 1/3:
2024-11-22 17:57:25 [ERROR]: Ошибка подключения к Modbus на порту COM7:
2024-11-22 17:57:55 [ERROR]: [Mill10b] Ошибка при выполнении операции на адресе 5 на порту COM1, попытка 1/3:
2024-11-22 17:58:16 [ERROR]: Ошибка при выполнении операции из очереди COM7:
2024-11-22 17:58:18 [ERROR]: [ReactorK296] Ошибка при выполнении операции на адресе 0 на порту COM7, попытка 1/3:
2024-11-22 17:58:18 [ERROR]: Ошибка подключения к Modbus на порту COM7:
2024-11-22 17:58:45 [ERROR]: [Mill10b] Ошибка при выполнении операции на адресе 8 на порту COM1, попытка 1/3:
2024-11-22 17:59:43 [ERROR]: [Sushilka2] Ошибка при выполнении операции на адресе 0 на порту COM3, попытка 1/3:
2024-11-22 18:00:33 [ERROR]: [Sushilka2] Ошибка при выполнении операции на адресе 0 на порту COM3, попытка 1/3:
2024-11-22 18:01:45 [ERROR]: [Mill10b] Ошибка при выполнении операции на адресе 1 на порту COM1, попытка 1/3:
2024-11-22 18:01:56 [ERROR]: Ошибка при выполнении операции из очереди COM7:
2024-11-22 18:01:58 [ERROR]: [ReactorK296] Ошибка при выполнении операции на адресе 0 на порту COM7, попытка 1/3:
2024-11-22 18:01:58 [ERROR]: Ошибка подключения к Modbus на порту COM7:
2024-11-22 18:02:03 [ERROR]: [Sushilka2] Ошибка при выполнении операции на адресе 0 на порту COM3, попытка 1/3:
2024-11-22 18:02:05 [ERROR]: [Mill10b] Ошибка при выполнении операции на адресе 2 на порту COM1, попытка 1/3:
2024-11-22 18:02:35 [ERROR]: [Mill10b] Ошибка при выполнении операции на адресе 0 на порту COM1, попытка 1/3:
2024-11-22 18:03:15 [ERROR]: [Mill10b] Ошибка при выполнении операции на адресе 2 на порту COM1, попытка 1/3:
2024-11-22 18:03:26 [ERROR]: Ошибка при выполнении операции из очереди COM7:
2024-11-22 18:03:28 [ERROR]: [ReactorK296] Ошибка при выполнении операции на адресе 0 на порту COM7, попытка 1/3:
2024-11-22 18:03:28 [ERROR]: Ошибка подключения к Modbus на порту COM7:
2024-11-22 18:04:23 [ERROR]: [Sushilka2] Ошибка при выполнении операции на адресе 0 на порту COM3, попытка 1/3:
2024-11-22 18:05:08 [ERROR]: [Sushilka2] Ошибка при выполнении операции на адресе 0 на порту COM3, попытка 2/3:
2024-11-22 18:05:45 [ERROR]: [Mill10b] Ошибка при выполнении операции на адресе 0 на порту COM1, попытка 1/3:
2024-11-22 18:05:57 [ERROR]: [Mill10b] Ошибка при выполнении операции на адресе 1 на порту COM1, попытка 1/3:
2024-11-22 18:06:12 [ERROR]: [Mill10b] Ошибка при выполнении операции на адресе 6 на порту COM1, попытка 1/3:
2024-11-22 18:06:25 [ERROR]: [Mill10b] Ошибка при выполнении операции на адресе 1 на порту COM1, попытка 1/3:
2024-11-22 18:07:56 [ERROR]: Ошибка при выполнении операции из очереди COM7:
2024-11-22 18:07:58 [ERROR]: [ReactorK296] Ошибка при выполнении операции на адресе 0 на порту COM7, попытка 1/3:
2024-11-22 18:07:58 [ERROR]: Ошибка подключения к Modbus на порту COM7:
2024-11-22 18:09:23 [ERROR]: [Sushilka2] Ошибка при выполнении операции на адресе 0 на порту COM3, попытка 1/3:
2024-11-22 18:09:35 [ERROR]: [Mill10b] Ошибка при выполнении операции на адресе 3 на порту COM1, попытка 1/3:
2024-11-22 18:10:25 [ERROR]: [Mill10b] Ошибка при выполнении операции на адресе 6 на порту COM1, попытка 1/3:
2024-11-22 18:11:13 [ERROR]: [Sushilka2] Ошибка при выполнении операции на адресе 0 на порту COM3, попытка 1/3:
2024-11-22 18:12:03 [ERROR]: [Sushilka2] Ошибка при выполнении операции на адресе 0 на порту COM3, попытка 1/3:
2024-11-22 18:12:36 [ERROR]: Ошибка при выполнении операции из очереди COM7:
2024-11-22 18:12:38 [ERROR]: [ReactorK296] Ошибка при выполнении операции на адресе 0 на порту COM7, попытка 1/3:
2024-11-22 18:12:38 [ERROR]: Ошибка подключения к Modbus на порту COM7:
2024-11-22 18:13:53 [ERROR]: [Sushilka2] Ошибка при выполнении операции на адресе 0 на порту COM3, попытка 1/3:
2024-11-22 18:14:06 [ERROR]: [Mill10b] Ошибка при выполнении операции на адресе 6 на порту COM1, попытка 1/3:
2024-11-22 18:15:26 [ERROR]: [Mill10b] Ошибка при выполнении операции на адресе 6 на порту COM1, попытка 1/3:
2024-11-22 18:18:13 [ERROR]: [Sushilka2] Ошибка при выполнении операции на адресе 0 на порту COM3, попытка 1/3:
2024-11-22 18:18:44 [ERROR]: [Sushilka2] Ошибка при выполнении операции на адресе 0 на порту COM3, попытка 1/3:
2024-11-22 18:18:46 [ERROR]: [Mill10b] Ошибка при выполнении операции на адресе 5 на порту COM1, попытка 1/3:
2024-11-22 18:19:14 [ERROR]: [Sushilka2] Ошибка при выполнении операции на адресе 0 на порту COM3, попытка 1/3:
2024-11-22 18:19:26 [ERROR]: [Mill10b] Ошибка при выполнении операции на адресе 0 на порту COM1, попытка 1/3:
2024-11-22 18:19:46 [ERROR]: [Mill10b] Ошибка при выполнении операции на адресе 6 на порту COM1, попытка 1/3:
2024-11-22 18:20:04 [ERROR]: [Sushilka2] Ошибка при выполнении операции на адресе 0 на порту COM3, попытка 1/3:
2024-11-22 18:20:46 [ERROR]: [Mill10b] Ошибка при выполнении операции на адресе 3 на порту COM1, попытка 1/3:
2024-11-22 18:21:27 [ERROR]: Ошибка при выполнении операции из очереди COM7:
2024-11-22 18:21:29 [ERROR]: [ReactorK296] Ошибка при выполнении операции на адресе 0 на порту COM7, попытка 1/3:
2024-11-22 18:21:29 [ERROR]: Ошибка подключения к Modbus на порту COM7:
2024-11-22 18:21:36 [ERROR]: [Mill10b] Ошибка при выполнении операции на адресе 2 на порту COM1, попытка 1/3:
2024-11-22 18:21:54 [ERROR]: Ошибка при выполнении операции из очереди COM7:
2024-11-22 18:21:56 [ERROR]: [Mill2] Ошибка при выполнении операции на адресе 0 на порту COM7, попытка 1/3:
2024-11-22 18:21:56 [ERROR]: Ошибка подключения к Modbus на порту COM7:
2024-11-22 18:22:14 [ERROR]: [Sushilka2] Ошибка при выполнении операции на адресе 0 на порту COM3, попытка 1/3:
2024-11-22 18:22:36 [ERROR]: [Mill10b] Ошибка при выполнении операции на адресе 0 на порту COM1, попытка 1/3:
2024-11-22 18:25:16 [ERROR]: [Mill10b] Ошибка при выполнении операции на адресе 7 на порту COM1, попытка 1/3:
2024-11-22 18:25:44 [ERROR]: [Sushilka2] Ошибка при выполнении операции на адресе 0 на порту COM3, попытка 1/3:
2024-11-22 18:25:57 [ERROR]: Ошибка при выполнении операции из очереди COM7:
2024-11-22 18:25:59 [ERROR]: [ReactorK296] Ошибка при выполнении операции на адресе 0 на порту COM7, попытка 1/3:
2024-11-22 18:25:59 [ERROR]: Ошибка подключения к Modbus на порту COM7:
2024-11-22 18:27:46 [ERROR]: [Mill10b] Ошибка при выполнении операции на адресе 5 на порту COM1, попытка 1/3:
2024-11-22 18:27:47 [ERROR]: Ошибка при выполнении операции из очереди COM7:
2024-11-22 18:27:49 [ERROR]: [ReactorK296] Ошибка при выполнении операции на адресе 0 на порту COM7, попытка 1/3:
2024-11-22 18:27:49 [ERROR]: Ошибка подключения к Modbus на порту COM7:
2024-11-22 18:31:14 [ERROR]: [Sushilka2] Ошибка при выполнении операции на адресе 0 на порту COM3, попытка 1/3:
2024-11-22 18:31:17 [ERROR]: Ошибка при выполнении операции из очереди COM7:
2024-11-22 18:31:19 [ERROR]: [ReactorK296] Ошибка при выполнении операции на адресе 0 на порту COM7, попытка 1/3:
2024-11-22 18:31:19 [ERROR]: Ошибка подключения к Modbus на порту COM7:
2024-11-22 18:32:06 [ERROR]: [Mill10b] Ошибка при выполнении операции на адресе 2 на порту COM1, попытка 1/3:
2024-11-22 18:32:54 [ERROR]: [Sushilka2] Ошибка при выполнении операции на адресе 0 на порту COM3, попытка 1/3:
2024-11-22 18:33:07 [ERROR]: Ошибка при выполнении операции из очереди COM7:
2024-11-22 18:33:09 [ERROR]: [ReactorK296] Ошибка при выполнении операции на адресе 0 на порту COM7, попытка 1/3:
2024-11-22 18:33:09 [ERROR]: Ошибка подключения к Modbus на порту COM7:
2024-11-22 18:33:44 [ERROR]: [Sushilka2] Ошибка при выполнении операции на адресе 0 на порту COM3, попытка 1/3:
2024-11-22 18:35:14 [ERROR]: [Sushilka2] Ошибка при выполнении операции на адресе 0 на порту COM3, попытка 1/3:
2024-11-22 18:36:04 [ERROR]: [Sushilka2] Ошибка при выполнении операции на адресе 0 на порту COM3, попытка 1/3:
2024-11-22 18:36:34 [ERROR]: [Sushilka2] Ошибка при выполнении операции на адресе 0 на порту COM3, попытка 1/3:
2024-11-22 18:36:48 [ERROR]: Ошибка при выполнении операции из очереди COM7:
2024-11-22 18:36:50 [ERROR]: [ReactorK296] Ошибка при выполнении операции на адресе 0 на порту COM7, попытка 1/3:
2024-11-22 18:36:50 [ERROR]: Ошибка подключения к Modbus на порту COM7:
2024-11-22 18:37:07 [ERROR]: [Mill10b] Ошибка при выполнении операции на адресе 2 на порту COM1, попытка 1/3:
2024-11-22 18:38:08 [ERROR]: Ошибка при выполнении операции из очереди COM7:
2024-11-22 18:38:10 [ERROR]: [ReactorK296] Ошибка при выполнении операции на адресе 0 на порту COM7, попытка 1/3:
2024-11-22 18:38:10 [ERROR]: Ошибка подключения к Modbus на порту COM7:
2024-11-22 18:38:37 [ERROR]: [Mill10b] Ошибка при выполнении операции на адресе 2 на порту COM1, попытка 1/3:
2024-11-22 18:39:04 [ERROR]: [Mill10b] Ошибка при выполнении операции на адресе 6 на порту COM1, попытка 1/3:
2024-11-22 18:39:05 [ERROR]: [Sushilka2] Ошибка при выполнении операции на адресе 0 на порту COM3, попытка 1/3:
2024-11-22 18:39:17 [ERROR]: [Mill10b] Ошибка при выполнении операции на адресе 8 на порту COM1, попытка 1/3:
2024-11-22 18:39:35 [ERROR]: [Sushilka2] Ошибка при выполнении операции на адресе 0 на порту COM3, попытка 1/3:
2024-11-22 18:39:38 [ERROR]: Ошибка при выполнении операции из очереди COM7:
2024-11-22 18:39:40 [ERROR]: [ReactorK296] Ошибка при выполнении операции на адресе 0 на порту COM7, попытка 1/3:
2024-11-22 18:39:40 [ERROR]: Ошибка подключения к Modbus на порту COM7:
2024-11-22 18:40:17 [ERROR]: [Mill10b] Ошибка при выполнении операции на адресе 6 на порту COM1, попытка 1/3:
2024-11-22 18:41:35 [ERROR]: [Sushilka2] Ошибка при выполнении операции на адресе 0 на порту COM3, попытка 1/3:
2024-11-22 18:42:25 [ERROR]: [Sushilka2] Ошибка при выполнении операции на адресе 0 на порту COM3, попытка 1/3:
2024-11-22 18:42:55 [ERROR]: [Sushilka2] Ошибка при выполнении операции на адресе 0 на порту COM3, попытка 1/3:
2024-11-22 18:43:17 [ERROR]: [Mill10b] Ошибка при выполнении операции на адресе 8 на порту COM1, попытка 1/3:
2024-11-22 18:43:35 [ERROR]: [Sushilka2] Ошибка при выполнении операции на адресе 0 на порту COM3, попытка 1/3:
2024-11-22 18:44:47 [ERROR]: [Mill10b] Ошибка при выполнении операции на адресе 3 на порту COM1, попытка 1/3:
2024-11-22 18:46:57 [ERROR]: [Mill10b] Ошибка при выполнении операции на адресе 5 на порту COM1, попытка 1/3:
2024-11-22 18:47:08 [ERROR]: Ошибка при выполнении операции из очереди COM7:
2024-11-22 18:47:10 [ERROR]: [ReactorK296] Ошибка при выполнении операции на адресе 0 на порту COM7, попытка 1/3:
2024-11-22 18:47:10 [ERROR]: Ошибка подключения к Modbus на порту COM7:
2024-11-22 18:47:35 [ERROR]: Ошибка при выполнении операции из очереди COM7:
2024-11-22 18:47:37 [ERROR]: [Mill2] Ошибка при выполнении операции на адресе 0 на порту COM7, попытка 1/3:
2024-11-22 18:47:37 [ERROR]: Ошибка подключения к Modbus на порту COM7:
2024-11-22 18:48:47 [ERROR]: [Mill10b] Ошибка при выполнении операции на адресе 4 на порту COM1, попытка 1/3:
2024-11-22 18:49:17 [ERROR]: [Mill10b] Ошибка при выполнении операции на адресе 0 на порту COM1, попытка 1/3:
2024-11-22 18:49:38 [ERROR]: Ошибка при выполнении операции из очереди COM7:
2024-11-22 18:49:40 [ERROR]: [ReactorK296] Ошибка при выполнении операции на адресе 0 на порту COM7, попытка 1/3:
2024-11-22 18:49:40 [ERROR]: Ошибка подключения к Modbus на порту COM7:
2024-11-22 18:49:45 [ERROR]: [Sushilka2] Ошибка при выполнении операции на адресе 0 на порту COM3, попытка 1/3:
2024-11-22 18:50:15 [ERROR]: [Sushilka2] Ошибка при выполнении операции на адресе 0 на порту COM3, попытка 1/3:
2024-11-22 18:51:47 [ERROR]: [Mill10b] Ошибка при выполнении операции на адресе 3 на порту COM1, попытка 1/3:
2024-11-22 18:53:38 [ERROR]: [Mill10b] Ошибка при выполнении операции на адресе 7 на порту COM1, попытка 1/3:
2024-11-22 18:55:57 [ERROR]: [Mill10b] Ошибка при выполнении операции на адресе 1 на порту COM1, попытка 1/3:
2024-11-22 18:56:28 [ERROR]: [Mill10b] Ошибка при выполнении операции на адресе 8 на порту COM1, попытка 1/3:
2024-11-22 18:56:48 [ERROR]: [Mill10b] Ошибка при выполнении операции на адресе 7 на порту COM1, попытка 1/3:
2024-11-22 18:58:18 [ERROR]: [Mill10b] Ошибка при выполнении операции на адресе 3 на порту COM1, попытка 1/3:
2024-11-22 19:01:18 [ERROR]: [Mill10b] Ошибка при выполнении операции на адресе 0 на порту COM1, попытка 1/3:
2024-11-22 19:02:56 [ERROR]: [Sushilka2] Ошибка при выполнении операции на адресе 0 на порту COM3, попытка 1/3:
2024-11-22 19:03:46 [ERROR]: [Sushilka2] Ошибка при выполнении операции на адресе 0 на порту COM3, попытка 1/3:
2024-11-22 19:04:08 [ERROR]: [Mill10b] Ошибка при выполнении операции на адресе 1 на порту COM1, попытка 1/3:
2024-11-22 19:04:26 [ERROR]: [Sushilka2] Ошибка при выполнении операции на адресе 0 на порту COM3, попытка 1/3:
2024-11-22 19:05:36 [ERROR]: [Sushilka2] Ошибка при выполнении операции на адресе 0 на порту COM3, попытка 1/3:
2024-11-22 19:06:56 [ERROR]: [Sushilka2] Ошибка при выполнении операции на адресе 0 на порту COM3, попытка 1/3:
2024-11-22 19:07:28 [ERROR]: [Mill10b] Ошибка при выполнении операции на адресе 5 на порту COM1, попытка 1/3:
2024-11-22 19:07:40 [ERROR]: [Mill10b] Ошибка при выполнении операции на адресе 1 на порту COM1, попытка 1/3:
2024-11-22 19:08:38 [ERROR]: [Mill10b] Ошибка при выполнении операции на адресе 4 на порту COM1, попытка 1/3:
2024-11-22 19:10:06 [ERROR]: [Sushilka2] Ошибка при выполнении операции на адресе 0 на порту COM3, попытка 1/3:
2024-11-22 19:10:18 [ERROR]: [Mill10b] Ошибка при выполнении операции на адресе 1 на порту COM1, попытка 1/3:
2024-11-22 19:10:29 [ERROR]: Ошибка при выполнении операции из очереди COM7:
2024-11-22 19:10:30 [ERROR]: [Mill10b] Ошибка при выполнении операции на адресе 6 на порту COM1, попытка 1/3:
2024-11-22 19:10:31 [ERROR]: [ReactorK296] Ошибка при выполнении операции на адресе 0 на порту COM7, попытка 1/3:
2024-11-22 19:10:31 [ERROR]: Ошибка подключения к Modbus на порту COM7:
2024-11-22 19:13:29 [ERROR]: Ошибка при выполнении операции из очереди COM7:
2024-11-22 19:13:31 [ERROR]: [ReactorK296] Ошибка при выполнении операции на адресе 0 на порту COM7, попытка 1/3:
2024-11-22 19:13:31 [ERROR]: Ошибка подключения к Modbus на порту COM7:
2024-11-22 19:14:58 [ERROR]: [Mill10b] Ошибка при выполнении операции на адресе 3 на порту COM1, попытка 1/3:
2024-11-22 19:17:16 [ERROR]: [Sushilka2] Ошибка при выполнении операции на адресе 0 на порту COM3, попытка 1/3:
2024-11-22 19:19:16 [ERROR]: [Sushilka2] Ошибка при выполнении операции на адресе 0 на порту COM3, попытка 1/3:
2024-11-22 19:19:46 [ERROR]: [Sushilka2] Ошибка при выполнении операции на адресе 0 на порту COM3, попытка 1/3:
2024-11-22 19:20:29 [ERROR]: [Mill10b] Ошибка при выполнении операции на адресе 7 на порту COM1, попытка 1/3:
2024-11-22 19:20:41 [ERROR]: [Mill10b] Ошибка при выполнении операции на адресе 3 на порту COM1, попытка 1/3:
2024-11-22 19:21:09 [ERROR]: [Mill10b] Ошибка при выполнении операции на адресе 2 на порту COM1, попытка 1/3:
2024-11-22 19:22:10 [ERROR]: Ошибка при выполнении операции из очереди COM7:
2024-11-22 19:22:12 [ERROR]: [ReactorK296] Ошибка при выполнении операции на адресе 0 на порту COM7, попытка 1/3:
2024-11-22 19:22:12 [ERROR]: Ошибка подключения к Modbus на порту COM7:
2024-11-22 19:22:46 [ERROR]: [Sushilka2] Ошибка при выполнении операции на адресе 0 на порту COM3, попытка 1/3:
2024-11-22 19:23:27 [ERROR]: [Sushilka2] Ошибка при выполнении операции на адресе 0 на порту COM3, попытка 1/3:
2024-11-22 19:23:29 [ERROR]: [Mill10b] Ошибка при выполнении операции на адресе 8 на порту COM1, попытка 1/3:
2024-11-22 19:26:19 [ERROR]: [Mill10b] Ошибка при выполнении операции на адресе 3 на порту COM1, попытка 1/3:
2024-11-22 19:28:09 [ERROR]: [Mill10b] Ошибка при выполнении операции на адресе 2 на порту COM1, попытка 1/3:
2024-11-22 19:28:27 [ERROR]: [Sushilka2] Ошибка при выполнении операции на адресе 0 на порту COM3, попытка 1/3:
2024-11-22 19:28:29 [ERROR]: [Mill10b] Ошибка при выполнении операции на адресе 4 на порту COM1, попытка 1/3:
2024-11-22 19:28:40 [ERROR]: Ошибка при выполнении операции из очереди COM7:
2024-11-22 19:28:42 [ERROR]: [ReactorK296] Ошибка при выполнении операции на адресе 0 на порту COM7, попытка 1/3:
2024-11-22 19:28:42 [ERROR]: Ошибка подключения к Modbus на порту COM7:
2024-11-22 19:28:56 [ERROR]: [Mill10b] Ошибка при выполнении операции на адресе 8 на порту COM1, попытка 1/3:
2024-11-22 19:30:57 [ERROR]: [Sushilka2] Ошибка при выполнении операции на адресе 0 на порту COM3, попытка 1/3:
2024-11-22 19:31:29 [ERROR]: [Mill10b] Ошибка при выполнении операции на адресе 8 на порту COM1, попытка 1/3:
2024-11-22 19:32:49 [ERROR]: [Mill10b] Ошибка при выполнении операции на адресе 8 на порту COM1, попытка 1/3:
2024-11-22 19:33:49 [ERROR]: [Mill10b] Ошибка при выполнении операции на адресе 6 на порту COM1, попытка 1/3:
2024-11-22 19:34:27 [ERROR]: [Sushilka2] Ошибка при выполнении операции на адресе 0 на порту COM3, попытка 1/3:
2024-11-22 19:35:12 [ERROR]: [Sushilka2] Ошибка при выполнении операции на адресе 0 на порту COM3, попытка 2/3:
2024-11-22 19:35:29 [ERROR]: [Mill10b] Ошибка при выполнении операции на адресе 1 на порту COM1, попытка 1/3:
2024-11-22 19:35:41 [ERROR]: [Mill10b] Ошибка при выполнении операции на адресе 0 на порту COM1, попытка 1/3:
2024-11-22 19:39:49 [ERROR]: [Mill10b] Ошибка при выполнении операции на адресе 4 на порту COM1, попытка 1/3:
2024-11-22 19:40:17 [ERROR]: [Sushilka2] Ошибка при выполнении операции на адресе 0 на порту COM3, попытка 1/3:
2024-11-22 19:40:59 [ERROR]: [Mill10b] Ошибка при выполнении операции на адресе 3 на порту COM1, попытка 1/3:
2024-11-22 19:41:29 [ERROR]: [Mill10b] Ошибка при выполнении операции на адресе 4 на порту COM1, попытка 1/3:
2024-11-22 19:42:30 [ERROR]: Ошибка при выполнении операции из очереди COM7:
2024-11-22 19:42:32 [ERROR]: [ReactorK296] Ошибка при выполнении операции на адресе 0 на порту COM7, попытка 1/3:
2024-11-22 19:42:32 [ERROR]: Ошибка подключения к Modbus на порту COM7:
2024-11-22 19:42:57 [ERROR]: [Sushilka2] Ошибка при выполнении операции на адресе 0 на порту COM3, попытка 1/3:
2024-11-22 19:42:58 [ERROR]: Ошибка при выполнении операции из очереди COM7:
2024-11-22 19:43:00 [ERROR]: [Mill2] Ошибка при выполнении операции на адресе 0 на порту COM7, попытка 1/3:
2024-11-22 19:43:00 [ERROR]: Ошибка подключения к Modbus на порту COM7:
2024-11-22 19:43:37 [ERROR]: [Sushilka2] Ошибка при выполнении операции на адресе 0 на порту COM3, попытка 1/3:
2024-11-22 19:43:50 [ERROR]: Ошибка при выполнении операции из очереди COM7:
2024-11-22 19:43:52 [ERROR]: [ReactorK296] Ошибка при выполнении операции на адресе 0 на порту COM7, попытка 1/3:
2024-11-22 19:43:52 [ERROR]: Ошибка подключения к Modbus на порту COM7:
2024-11-22 19:44:00 [ERROR]: [Mill10b] Ошибка при выполнении операции на адресе 4 на порту COM1, попытка 1/3:
2024-11-22 19:44:30 [ERROR]: Ошибка при выполнении операции из очереди COM7:
2024-11-22 19:44:32 [ERROR]: [ReactorK296] Ошибка при выполнении операции на адресе 0 на порту COM7, попытка 1/3:
2024-11-22 19:44:32 [ERROR]: Ошибка подключения к Modbus на порту COM7:
2024-11-22 19:44:39 [ERROR]: [Mill10b] Ошибка при выполнении операции на адресе 0 на порту COM1, попытка 1/3:
2024-11-22 19:47:20 [ERROR]: [Mill10b] Ошибка при выполнении операции на адресе 4 на порту COM1, попытка 1/3:
2024-11-22 19:49:31 [ERROR]: Ошибка при выполнении операции из очереди COM7:
2024-11-22 19:49:33 [ERROR]: [ReactorK296] Ошибка при выполнении операции на адресе 0 на порту COM7, попытка 1/3:
2024-11-22 19:49:33 [ERROR]: Ошибка подключения к Modbus на порту COM7:
2024-11-22 19:50:11 [ERROR]: Ошибка при выполнении операции из очереди COM7:
2024-11-22 19:50:13 [ERROR]: [ReactorK296] Ошибка при выполнении операции на адресе 0 на порту COM7, попытка 1/3:
2024-11-22 19:50:13 [ERROR]: Ошибка подключения к Modbus на порту COM7:
2024-11-22 19:51:28 [ERROR]: [Sushilka2] Ошибка при выполнении операции на адресе 0 на порту COM3, попытка 1/3:
2024-11-22 19:52:18 [ERROR]: [Sushilka2] Ошибка при выполнении операции на адресе 0 на порту COM3, попытка 1/3:
2024-11-22 19:52:48 [ERROR]: [Sushilka2] Ошибка при выполнении операции на адресе 0 на порту COM3, попытка 1/3:
2024-11-22 19:53:38 [ERROR]: [Sushilka2] Ошибка при выполнении операции на адресе 0 на порту COM3, попытка 1/3:
2024-11-22 19:53:40 [ERROR]: [Mill10b] Ошибка при выполнении операции на адресе 0 на порту COM1, попытка 1/3:
2024-11-22 19:54:40 [ERROR]: [Mill10b] Ошибка при выполнении операции на адресе 3 на порту COM1, попытка 1/3:
2024-11-22 19:57:10 [ERROR]: [Mill10b] Ошибка при выполнении операции на адресе 4 на порту COM1, попытка 1/3:
2024-11-22 19:57:30 [ERROR]: [Mill10b] Ошибка при выполнении операции на адресе 4 на порту COM1, попытка 1/3:
2024-11-22 20:00:00 [ERROR]: [Mill10b] Ошибка при выполнении операции на адресе 2 на порту COM1, попытка 1/3:
2024-11-22 20:03:38 [ERROR]: [Sushilka2] Ошибка при выполнении операции на адресе 0 на порту COM3, попытка 1/3:
2024-11-22 20:04:00 [ERROR]: [Mill10b] Ошибка при выполнении операции на адресе 0 на порту COM1, попытка 1/3:
2024-11-22 20:04:28 [ERROR]: [Sushilka2] Ошибка при выполнении операции на адресе 0 на порту COM3, попытка 1/3:
2024-11-22 20:04:41 [ERROR]: [Mill10b] Ошибка при выполнении операции на адресе 8 на порту COM1, попытка 1/3:
2024-11-22 20:05:00 [ERROR]: [Mill10b] Ошибка при выполнении операции на адресе 6 на порту COM1, попытка 1/3:
2024-11-22 20:05:31 [ERROR]: [Mill10b] Ошибка при выполнении операции на адресе 8 на порту COM1, попытка 1/3:
2024-11-22 20:06:50 [ERROR]: [Mill10b] Ошибка при выполнении операции на адресе 4 на порту COM1, попытка 1/3:
2024-11-22 20:07:11 [ERROR]: [Mill10b] Ошибка при выполнении операции на адресе 7 на порту COM1, попытка 1/3:
2024-11-22 20:08:21 [ERROR]: [Mill10b] Ошибка при выполнении операции на адресе 7 на порту COM1, попытка 1/3:
2024-11-22 20:08:38 [ERROR]: [Sushilka2] Ошибка при выполнении операции на адресе 0 на порту COM3, попытка 1/3:
2024-11-22 20:09:28 [ERROR]: [Sushilka2] Ошибка при выполнении операции на адресе 0 на порту COM3, попытка 1/3:
2024-11-22 20:10:01 [ERROR]: [Mill10b] Ошибка при выполнении операции на адресе 6 на порту COM1, попытка 1/3:
2024-11-22 20:10:18 [ERROR]: [Sushilka2] Ошибка при выполнении операции на адресе 0 на порту COM3, попытка 1/3:
2024-11-22 20:10:22 [ERROR]: Ошибка при выполнении операции из очереди COM7:
2024-11-22 20:10:24 [ERROR]: [ReactorK296] Ошибка при выполнении операции на адресе 0 на порту COM7, попытка 1/3:
2024-11-22 20:10:24 [ERROR]: Ошибка подключения к Modbus на порту COM7:
2024-11-22 20:10:49 [ERROR]: Ошибка при выполнении операции из очереди COM7:
2024-11-22 20:10:51 [ERROR]: [Mill10b] Ошибка при выполнении операции на адресе 1 на порту COM1, попытка 1/3:
2024-11-22 20:10:51 [ERROR]: [Mill2] Ошибка при выполнении операции на адресе 0 на порту COM7, попытка 1/3:
2024-11-22 20:10:51 [ERROR]: Ошибка подключения к Modbus на порту COM7:
2024-11-22 20:11:30 [ERROR]: [Mill10b] Ошибка при выполнении операции на адресе 0 на порту COM1, попытка 1/3:
2024-11-22 20:12:01 [ERROR]: [Mill10b] Ошибка при выполнении операции на адресе 7 на порту COM1, попытка 1/3:
2024-11-22 20:15:59 [ERROR]: [Sushilka2] Ошибка при выполнении операции на адресе 0 на порту COM3, попытка 1/3:
2024-11-22 20:17:49 [ERROR]: [Sushilka2] Ошибка при выполнении операции на адресе 0 на порту COM3, попытка 1/3:
2024-11-22 20:19:42 [ERROR]: Ошибка при выполнении операции из очереди COM7:
2024-11-22 20:19:44 [ERROR]: [ReactorK296] Ошибка при выполнении операции на адресе 0 на порту COM7, попытка 1/3:
2024-11-22 20:19:44 [ERROR]: Ошибка подключения к Modbus на порту COM7:
2024-11-22 20:19:51 [ERROR]: [Mill10b] Ошибка при выполнении операции на адресе 7 на порту COM1, попытка 1/3:
2024-11-22 20:22:01 [ERROR]: [Mill10b] Ошибка при выполнении операции на адресе 3 на порту COM1, попытка 1/3:
2024-11-22 20:22:29 [ERROR]: [Sushilka2] Ошибка при выполнении операции на адресе 0 на порту COM3, попытка 1/3:
2024-11-22 20:23:51 [ERROR]: [Mill10b] Ошибка при выполнении операции на адресе 1 на порту COM1, попытка 1/3:
2024-11-22 20:24:11 [ERROR]: [Mill10b] Ошибка при выполнении операции на адресе 7 на порту COM1, попытка 1/3:
2024-11-22 20:25:31 [ERROR]: [Mill10b] Ошибка при выполнении операции на адресе 2 на порту COM1, попытка 1/3:
2024-11-22 20:26:12 [ERROR]: Ошибка при выполнении операции из очереди COM7:
2024-11-22 20:26:14 [ERROR]: [ReactorK296] Ошибка при выполнении операции на адресе 0 на порту COM7, попытка 1/3:
2024-11-22 20:26:14 [ERROR]: Ошибка подключения к Modbus на порту COM7:
2024-11-22 20:26:51 [ERROR]: [Mill10b] Ошибка при выполнении операции на адресе 3 на порту COM1, попытка 1/3:
2024-11-22 20:29:52 [ERROR]: Ошибка при выполнении операции из очереди COM7:
2024-11-22 20:29:54 [ERROR]: [ReactorK296] Ошибка при выполнении операции на адресе 0 на порту COM7, попытка 1/3:
2024-11-22 20:29:54 [ERROR]: Ошибка подключения к Modbus на порту COM7:
2024-11-22 20:31:23 [ERROR]: Ошибка при выполнении операции из очереди COM7:
2024-11-22 20:31:25 [ERROR]: [ReactorK296] Ошибка при выполнении операции на адресе 0 на порту COM7, попытка 1/3:
2024-11-22 20:31:25 [ERROR]: Ошибка подключения к Modbus на порту COM7:
2024-11-22 20:31:50 [ERROR]: Ошибка при выполнении операции из очереди COM7:
2024-11-22 20:31:52 [ERROR]: [Mill2] Ошибка при выполнении операции на адресе 0 на порту COM7, попытка 1/3:
2024-11-22 20:31:52 [ERROR]: Ошибка подключения к Modbus на порту COM7:
2024-11-22 20:32:22 [ERROR]: [Mill10b] Ошибка при выполнении операции на адресе 7 на порту COM1, попытка 1/3:
2024-11-22 20:32:42 [ERROR]: [Mill10b] Ошибка при выполнении операции на адресе 4 на порту COM1, попытка 1/3:
2024-11-22 20:33:49 [ERROR]: [Sushilka2] Ошибка при выполнении операции на адресе 0 на порту COM3, попытка 1/3:
2024-11-22 20:34:19 [ERROR]: [Sushilka2] Ошибка при выполнении операции на адресе 0 на порту COM3, попытка 1/3:
2024-11-22 20:34:42 [ERROR]: [Mill10b] Ошибка при выполнении операции на адресе 3 на порту COM1, попытка 1/3:
2024-11-22 20:36:32 [ERROR]: [Mill10b] Ошибка при выполнении операции на адресе 5 на порту COM1, попытка 1/3:
2024-11-22 20:37:03 [ERROR]: Ошибка при выполнении операции из очереди COM7:
2024-11-22 20:37:05 [ERROR]: [ReactorK296] Ошибка при выполнении операции на адресе 0 на порту COM7, попытка 1/3:
2024-11-22 20:37:05 [ERROR]: Ошибка подключения к Modbus на порту COM7:
2024-11-22 20:37:42 [ERROR]: [Mill10b] Ошибка при выполнении операции на адресе 0 на порту COM1, попытка 1/3:
2024-11-22 20:38:42 [ERROR]: [Mill10b] Ошибка при выполнении операции на адресе 1 на порту COM1, попытка 1/3:
2024-11-22 20:39:09 [ERROR]: [Mill10b] Ошибка при выполнении операции на адресе 4 на порту COM1, попытка 1/3:
2024-11-22 20:41:23 [ERROR]: Ошибка при выполнении операции из очереди COM7:
2024-11-22 20:41:25 [ERROR]: [ReactorK296] Ошибка при выполнении операции на адресе 0 на порту COM7, попытка 1/3:
2024-11-22 20:41:25 [ERROR]: Ошибка подключения к Modbus на порту COM7:
2024-11-22 20:42:10 [ERROR]: [Sushilka2] Ошибка при выполнении операции на адресе 0 на порту COM3, попытка 1/3:
2024-11-22 20:42:40 [ERROR]: [Sushilka2] Ошибка при выполнении операции на адресе 0 на порту COM3, попытка 1/3:
2024-11-22 20:42:52 [ERROR]: [Mill10b] Ошибка при выполнении операции на адресе 1 на порту COM1, попытка 1/3:
2024-11-22 20:43:20 [ERROR]: [Sushilka2] Ошибка при выполнении операции на адресе 0 на порту COM3, попытка 1/3:
2024-11-22 20:43:42 [ERROR]: [Mill10b] Ошибка при выполнении операции на адресе 0 на порту COM1, попытка 1/3:
2024-11-22 20:46:40 [ERROR]: [Sushilka2] Ошибка при выполнении операции на адресе 0 на порту COM3, попытка 1/3:
2024-11-22 20:46:52 [ERROR]: [Mill10b] Ошибка при выполнении операции на адресе 0 на порту COM1, попытка 1/3:
2024-11-22 20:47:10 [ERROR]: [Sushilka2] Ошибка при выполнении операции на адресе 0 на порту COM3, попытка 1/3:
2024-11-22 20:47:42 [ERROR]: [Mill10b] Ошибка при выполнении операции на адресе 1 на порту COM1, попытка 1/3:
2024-11-22 20:48:50 [ERROR]: [Sushilka2] Ошибка при выполнении операции на адресе 0 на порту COM3, попытка 1/3:
2024-11-22 20:49:40 [ERROR]: [Sushilka2] Ошибка при выполнении операции на адресе 0 на порту COM3, попытка 1/3:
2024-11-22 20:50:32 [ERROR]: [Mill10b] Ошибка при выполнении операции на адресе 0 на порту COM1, попытка 1/3:
2024-11-22 20:50:50 [ERROR]: [Sushilka2] Ошибка при выполнении операции на адресе 0 на порту COM3, попытка 1/3:
2024-11-22 20:51:20 [ERROR]: [Sushilka2] Ошибка при выполнении операции на адресе 0 на порту COM3, попытка 1/3:
2024-11-22 20:54:23 [ERROR]: [Mill10b] Ошибка при выполнении операции на адресе 7 на порту COM1, попытка 1/3:
2024-11-22 20:56:33 [ERROR]: Ошибка при выполнении операции из очереди COM7:
2024-11-22 20:56:35 [ERROR]: [ReactorK296] Ошибка при выполнении операции на адресе 0 на порту COM7, попытка 1/3:
2024-11-22 20:56:35 [ERROR]: Ошибка подключения к Modbus на порту COM7:
2024-11-22 20:56:42 [ERROR]: [Mill10b] Ошибка при выполнении операции на адресе 1 на порту COM1, попытка 1/3:
2024-11-22 20:58:12 [ERROR]: [Mill10b] Ошибка при выполнении операции на адресе 3 на порту COM1, попытка 1/3:
2024-11-22 20:58:25 [ERROR]: [Mill10b] Ошибка при выполнении операции на адресе 4 на порту COM1, попытка 1/3:
2024-11-22 20:59:03 [ERROR]: [Mill10b] Ошибка при выполнении операции на адресе 8 на порту COM1, попытка 1/3:
2024-11-22 20:59:40 [ERROR]: [Sushilka2] Ошибка при выполнении операции на адресе 0 на порту COM3, попытка 1/3:
2024-11-22 21:01:03 [ERROR]: [Mill10b] Ошибка при выполнении операции на адресе 7 на порту COM1, попытка 1/3:
2024-11-22 21:01:40 [ERROR]: [Sushilka2] Ошибка при выполнении операции на адресе 0 на порту COM3, попытка 1/3:
2024-11-22 21:01:53 [ERROR]: [Mill10b] Ошибка при выполнении операции на адресе 8 на порту COM1, попытка 1/3:
2024-11-22 21:02:23 [ERROR]: [Mill10b] Ошибка при выполнении операции на адресе 2 на порту COM1, попытка 1/3:
2024-11-22 21:03:00 [ERROR]: [Sushilka2] Ошибка при выполнении операции на адресе 0 на порту COM3, попытка 1/3:
2024-11-22 21:03:13 [ERROR]: [Mill10b] Ошибка при выполнении операции на адресе 0 на порту COM1, попытка 1/3:
2024-11-22 21:05:23 [ERROR]: [Mill10b] Ошибка при выполнении операции на адресе 5 на порту COM1, попытка 1/3:
2024-11-22 21:06:33 [ERROR]: [Mill10b] Ошибка при выполнении операции на адресе 3 на порту COM1, попытка 1/3:
2024-11-22 21:07:00 [ERROR]: [Sushilka2] Ошибка при выполнении операции на адресе 0 на порту COM3, попытка 1/3:
2024-11-22 21:07:03 [ERROR]: [Mill10b] Ошибка при выполнении операции на адресе 0 на порту COM1, попытка 1/3:
2024-11-22 21:07:41 [ERROR]: [Sushilka2] Ошибка при выполнении операции на адресе 0 на порту COM3, попытка 1/3:
2024-11-22 21:07:53 [ERROR]: [Mill10b] Ошибка при выполнении операции на адресе 3 на порту COM1, попытка 1/3:
2024-11-22 21:11:01 [ERROR]: [Sushilka2] Ошибка при выполнении операции на адресе 0 на порту COM3, попытка 1/3:
2024-11-22 21:11:46 [ERROR]: [Sushilka2] Ошибка при выполнении операции на адресе 0 на порту COM3, попытка 2/3:
2024-11-22 21:15:43 [ERROR]: [Mill10b] Ошибка при выполнении операции на адресе 1 на порту COM1, попытка 1/3:
2024-11-22 21:16:21 [ERROR]: [Sushilka2] Ошибка при выполнении операции на адресе 0 на порту COM3, попытка 1/3:
2024-11-22 21:17:11 [ERROR]: [Sushilka2] Ошибка при выполнении операции на адресе 0 на порту COM3, попытка 1/3:
2024-11-22 21:17:41 [ERROR]: [Sushilka2] Ошибка при выполнении операции на адресе 0 на порту COM3, попытка 1/3:
2024-11-22 21:19:43 [ERROR]: [Mill10b] Ошибка при выполнении операции на адресе 7 на порту COM1, попытка 1/3:
2024-11-22 21:20:03 [ERROR]: [Mill10b] Ошибка при выполнении операции на адресе 5 на порту COM1, попытка 1/3:
2024-11-22 21:20:15 [ERROR]: [Mill10b] Ошибка при выполнении операции на адресе 0 на порту COM1, попытка 1/3:
2024-11-22 21:21:03 [ERROR]: [Mill10b] Ошибка при выполнении операции на адресе 5 на порту COM1, попытка 1/3:
2024-11-22 21:21:41 [ERROR]: [Sushilka2] Ошибка при выполнении операции на адресе 0 на порту COM3, попытка 1/3:
2024-11-22 21:22:21 [ERROR]: [Sushilka2] Ошибка при выполнении операции на адресе 0 на порту COM3, попытка 1/3:
2024-11-22 21:23:14 [ERROR]: [Mill10b] Ошибка при выполнении операции на адресе 7 на порту COM1, попытка 1/3:
2024-11-22 21:23:21 [ERROR]: [Sushilka2] Ошибка при выполнении операции на адресе 0 на порту COM3, попытка 1/3:
2024-11-22 21:26:34 [ERROR]: [Mill10b] Ошибка при выполнении операции на адресе 4 на порту COM1, попытка 1/3:
2024-11-22 21:28:04 [ERROR]: [Mill10b] Ошибка при выполнении операции на адресе 7 на порту COM1, попытка 1/3:
2024-11-22 21:28:14 [ERROR]: Ошибка при выполнении операции из очереди COM7:
2024-11-22 21:28:16 [ERROR]: [ReactorK296] Ошибка при выполнении операции на адресе 0 на порту COM7, попытка 1/3:
2024-11-22 21:28:16 [ERROR]: Ошибка подключения к Modbus на порту COM7:
2024-11-22 21:28:23 [ERROR]: [Mill10b] Ошибка при выполнении операции на адресе 0 на порту COM1, попытка 1/3:
2024-11-22 21:29:03 [ERROR]: [Mill10b] Ошибка при выполнении операции на адресе 2 на порту COM1, попытка 1/3:
2024-11-22 21:29:24 [ERROR]: Ошибка при выполнении операции из очереди COM7:
2024-11-22 21:29:26 [ERROR]: [ReactorK296] Ошибка при выполнении операции на адресе 0 на порту COM7, попытка 1/3:
2024-11-22 21:29:26 [ERROR]: Ошибка подключения к Modbus на порту COM7:
2024-11-22 21:29:52 [ERROR]: Ошибка при выполнении операции из очереди COM7:
2024-11-22 21:29:54 [ERROR]: [Mill2] Ошибка при выполнении операции на адресе 0 на порту COM7, попытка 1/3:
2024-11-22 21:30:06 [ERROR]: [ReactorK296] Ошибка при выполнении операции на адресе 14 на порту COM7, попытка 1/3:
2024-11-22 21:30:06 [ERROR]: Ошибка подключения к Modbus на порту COM7:
2024-11-22 21:30:11 [ERROR]: [Sushilka2] Ошибка при выполнении операции на адресе 0 на порту COM3, попытка 1/3:
2024-11-22 21:30:23 [ERROR]: [Mill10b] Ошибка при выполнении операции на адресе 1 на порту COM1, попытка 1/3:
2024-11-22 21:30:41 [ERROR]: [Sushilka2] Ошибка при выполнении операции на адресе 0 на порту COM3, попытка 1/3:
2024-11-22 21:30:51 [ERROR]: [Mill10b] Ошибка при выполнении операции на адресе 3 на порту COM1, попытка 1/3:
2024-11-22 21:34:25 [ERROR]: Ошибка при выполнении операции из очереди COM7:
2024-11-22 21:34:27 [ERROR]: [ReactorK296] Ошибка при выполнении операции на адресе 0 на порту COM7, попытка 1/3:
2024-11-22 21:34:27 [ERROR]: Ошибка подключения к Modbus на порту COM7:
2024-11-22 21:35:44 [ERROR]: [Mill10b] Ошибка при выполнении операции на адресе 7 на порту COM1, попытка 1/3:
2024-11-22 21:36:14 [ERROR]: [Mill10b] Ошибка при выполнении операции на адресе 0 на порту COM1, попытка 1/3:
2024-11-22 21:36:35 [ERROR]: Ошибка при выполнении операции из очереди COM7:
2024-11-22 21:36:37 [ERROR]: [ReactorK296] Ошибка при выполнении операции на адресе 0 на порту COM7, попытка 1/3:
2024-11-22 21:36:37 [ERROR]: Ошибка подключения к Modbus на порту COM7:
2024-11-22 21:37:44 [ERROR]: [Mill10b] Ошибка при выполнении операции на адресе 5 на порту COM1, попытка 1/3:
2024-11-22 21:37:55 [ERROR]: Ошибка при выполнении операции из очереди COM7:
2024-11-22 21:37:57 [ERROR]: [ReactorK296] Ошибка при выполнении операции на адресе 0 на порту COM7, попытка 1/3:
2024-11-22 21:37:57 [ERROR]: Ошибка подключения к Modbus на порту COM7:
2024-11-22 21:38:14 [ERROR]: [Mill10b] Ошибка при выполнении операции на адресе 0 на порту COM1, попытка 1/3:
2024-11-22 21:40:34 [ERROR]: [Mill10b] Ошибка при выполнении операции на адресе 7 на порту COM1, попытка 1/3:
2024-11-22 21:41:24 [ERROR]: [Mill10b] Ошибка при выполнении операции на адресе 1 на порту COM1, попытка 1/3:
2024-11-22 21:41:42 [ERROR]: [Sushilka2] Ошибка при выполнении операции на адресе 0 на порту COM3, попытка 1/3:
2024-11-22 21:41:51 [ERROR]: [Mill10b] Ошибка при выполнении операции на адресе 5 на порту COM1, попытка 1/3:
2024-11-22 21:42:15 [ERROR]: Ошибка при выполнении операции из очереди COM7:
2024-11-22 21:42:17 [ERROR]: [ReactorK296] Ошибка при выполнении операции на адресе 0 на порту COM7, попытка 1/3:
2024-11-22 21:42:17 [ERROR]: Ошибка подключения к Modbus на порту COM7:
2024-11-22 21:42:24 [ERROR]: [Mill10b] Ошибка при выполнении операции на адресе 3 на порту COM1, попытка 1/3:
2024-11-22 21:42:51 [ERROR]: [Mill10b] Ошибка при выполнении операции на адресе 5 на порту COM1, попытка 1/3:
2024-11-22 21:43:04 [ERROR]: [Mill10b] Ошибка при выполнении операции на адресе 0 на порту COM1, попытка 1/3:
2024-11-22 21:44:24 [ERROR]: [Mill10b] Ошибка при выполнении операции на адресе 3 на порту COM1, попытка 1/3:
2024-11-22 21:45:04 [ERROR]: [Mill10b] Ошибка при выполнении операции на адресе 6 на порту COM1, попытка 1/3:
2024-11-22 21:45:24 [ERROR]: [Mill10b] Ошибка при выполнении операции на адресе 4 на порту COM1, попытка 1/3:
2024-11-22 21:46:44 [ERROR]: [Mill10b] Ошибка при выполнении операции на адресе 7 на порту COM1, попытка 1/3:
2024-11-22 21:48:24 [ERROR]: [Mill10b] Ошибка при выполнении операции на адресе 2 на порту COM1, попытка 1/3:
2024-11-22 21:48:55 [ERROR]: Ошибка при выполнении операции из очереди COM7:
2024-11-22 21:48:57 [ERROR]: [ReactorK296] Ошибка при выполнении операции на адресе 0 на порту COM7, попытка 1/3:
2024-11-22 21:48:57 [ERROR]: Ошибка подключения к Modbus на порту COM7:
2024-11-22 21:49:02 [ERROR]: [Sushilka2] Ошибка при выполнении операции на адресе 0 на порту COM3, попытка 1/3:
2024-11-22 21:49:42 [ERROR]: [Sushilka2] Ошибка при выполнении операции на адресе 0 на порту COM3, попытка 1/3:
2024-11-22 21:50:24 [ERROR]: [Mill10b] Ошибка при выполнении операции на адресе 1 на порту COM1, попытка 1/3:
2024-11-22 21:50:32 [ERROR]: [Sushilka2] Ошибка при выполнении операции на адресе 0 на порту COM3, попытка 1/3:
2024-11-22 21:50:54 [ERROR]: [Mill10b] Ошибка при выполнении операции на адресе 2 на порту COM1, попытка 1/3:
2024-11-22 21:52:35 [ERROR]: Ошибка при выполнении операции из очереди COM7:
2024-11-22 21:52:37 [ERROR]: [ReactorK296] Ошибка при выполнении операции на адресе 0 на порту COM7, попытка 1/3:
2024-11-22 21:52:37 [ERROR]: Ошибка подключения к Modbus на порту COM7:
2024-11-22 21:52:42 [ERROR]: [Sushilka2] Ошибка при выполнении операции на адресе 0 на порту COM3, попытка 1/3:
2024-11-22 21:54:04 [ERROR]: [Mill10b] Ошибка при выполнении операции на адресе 1 на порту COM1, попытка 1/3:
2024-11-22 21:54:15 [ERROR]: Ошибка при выполнении операции из очереди COM7:
2024-11-22 21:54:17 [ERROR]: [ReactorK296] Ошибка при выполнении операции на адресе 0 на порту COM7, попытка 1/3:
2024-11-22 21:54:17 [ERROR]: Ошибка подключения к Modbus на порту COM7:
2024-11-22 21:54:32 [ERROR]: [Mill10b] Ошибка при выполнении операции на адресе 8 на порту COM1, попытка 1/3:
2024-11-22 21:55:35 [ERROR]: [Mill10b] Ошибка при выполнении операции на адресе 6 на порту COM1, попытка 1/3:
2024-11-22 21:55:47 [ERROR]: [Mill10b] Ошибка при выполнении операции на адресе 7 на порту COM1, попытка 1/3:
2024-11-22 21:56:02 [ERROR]: [Mill10b] Ошибка при выполнении операции на адресе 8 на порту COM1, попытка 1/3:
2024-11-22 21:56:45 [ERROR]: [Mill10b] Ошибка при выполнении операции на адресе 7 на порту COM1, попытка 1/3:
2024-11-22 21:58:02 [ERROR]: [Sushilka2] Ошибка при выполнении операции на адресе 0 на порту COM3, попытка 1/3:
2024-11-22 21:59:02 [ERROR]: [Sushilka2] Ошибка при выполнении операции на адресе 0 на порту COM3, попытка 1/3:
2024-11-22 21:59:26 [ERROR]: Ошибка при выполнении операции из очереди COM7:
2024-11-22 21:59:28 [ERROR]: [ReactorK296] Ошибка при выполнении операции на адресе 0 на порту COM7, попытка 1/3:
2024-11-22 21:59:28 [ERROR]: Ошибка подключения к Modbus на порту COM7:
2024-11-22 21:59:35 [ERROR]: [Mill10b] Ошибка при выполнении операции на адресе 8 на порту COM1, попытка 1/3:
2024-11-22 21:59:53 [ERROR]: [Sushilka2] Ошибка при выполнении операции на адресе 0 на порту COM3, попытка 1/3:
2024-11-22 22:00:05 [ERROR]: [Mill10b] Ошибка при выполнении операции на адресе 2 на порту COM1, попытка 1/3:
2024-11-22 22:00:06 [ERROR]: Ошибка при выполнении операции из очереди COM7:
2024-11-22 22:00:08 [ERROR]: [ReactorK296] Ошибка при выполнении операции на адресе 0 на порту COM7, попытка 1/3:
2024-11-22 22:00:08 [ERROR]: Ошибка подключения к Modbus на порту COM7:
2024-11-22 22:00:33 [ERROR]: Ошибка при выполнении операции из очереди COM7:
2024-11-22 22:00:35 [ERROR]: [Mill2] Ошибка при выполнении операции на адресе 0 на порту COM7, попытка 1/3:
2024-11-22 22:00:47 [ERROR]: [ReactorK296] Ошибка при выполнении операции на адресе 14 на порту COM7, попытка 1/3:
2024-11-22 22:00:47 [ERROR]: Ошибка подключения к Modbus на порту COM7:
2024-11-22 22:01:15 [ERROR]: [Mill10b] Ошибка при выполнении операции на адресе 5 на порту COM1, попытка 1/3:
2024-11-22 22:03:35 [ERROR]: [Mill10b] Ошибка при выполнении операции на адресе 6 на порту COM1, попытка 1/3:
2024-11-22 22:05:23 [ERROR]: [Sushilka2] Ошибка при выполнении операции на адресе 0 на порту COM3, попытка 1/3:
2024-11-22 22:05:26 [ERROR]: Ошибка при выполнении операции из очереди COM7:
2024-11-22 22:05:28 [ERROR]: [ReactorK296] Ошибка при выполнении операции на адресе 0 на порту COM7, попытка 1/3:
2024-11-22 22:05:28 [ERROR]: Ошибка подключения к Modbus на порту COM7:
2024-11-22 22:06:13 [ERROR]: [Sushilka2] Ошибка при выполнении операции на адресе 0 на порту COM3, попытка 1/3:
2024-11-22 22:07:25 [ERROR]: [Mill10b] Ошибка при выполнении операции на адресе 8 на порту COM1, попытка 1/3:
2024-11-22 22:09:23 [ERROR]: [Sushilka2] Ошибка при выполнении операции на адресе 0 на порту COM3, попытка 1/3:
2024-11-22 22:10:05 [ERROR]: [Mill10b] Ошибка при выполнении операции на адресе 1 на порту COM1, попытка 1/3:
2024-11-22 22:10:17 [ERROR]: [Mill10b] Ошибка при выполнении операции на адресе 2 на порту COM1, попытка 1/3:
2024-11-22 22:11:43 [ERROR]: [Sushilka2] Ошибка при выполнении операции на адресе 0 на порту COM3, попытка 1/3:
2024-11-22 22:11:55 [ERROR]: [Mill10b] Ошибка при выполнении операции на адресе 5 на порту COM1, попытка 1/3:
2024-11-22 22:12:16 [ERROR]: Ошибка при выполнении операции из очереди COM7:
2024-11-22 22:12:18 [ERROR]: [ReactorK296] Ошибка при выполнении операции на адресе 0 на порту COM7, попытка 1/3:
2024-11-22 22:12:18 [ERROR]: Ошибка подключения к Modbus на порту COM7:
2024-11-22 22:12:55 [ERROR]: [Mill10b] Ошибка при выполнении операции на адресе 5 на порту COM1, попытка 1/3:
2024-11-22 22:15:35 [ERROR]: [Mill10b] Ошибка при выполнении операции на адресе 5 на порту COM1, попытка 1/3:
2024-11-22 22:16:25 [ERROR]: [Mill10b] Ошибка при выполнении операции на адресе 2 на порту COM1, попытка 1/3:
2024-11-22 22:16:26 [ERROR]: Ошибка при выполнении операции из очереди COM7:
2024-11-22 22:16:28 [ERROR]: [ReactorK296] Ошибка при выполнении операции на адресе 0 на порту COM7, попытка 1/3:
2024-11-22 22:16:28 [ERROR]: Ошибка подключения к Modbus на порту COM7:
2024-11-22 22:18:05 [ERROR]: [Mill10b] Ошибка при выполнении операции на адресе 0 на порту COM1, попытка 1/3:
2024-11-22 22:19:07 [ERROR]: Ошибка при выполнении операции из очереди COM7:
2024-11-22 22:19:09 [ERROR]: [ReactorK296] Ошибка при выполнении операции на адресе 0 на порту COM7, попытка 1/3:
2024-11-22 22:19:09 [ERROR]: Ошибка подключения к Modbus на порту COM7:
2024-11-22 22:21:06 [ERROR]: [Mill10b] Ошибка при выполнении операции на адресе 3 на порту COM1, попытка 1/3:
2024-11-22 22:21:25 [ERROR]: [Mill10b] Ошибка при выполнении операции на адресе 0 на порту COM1, попытка 1/3:
2024-11-22 22:21:43 [ERROR]: [Sushilka2] Ошибка при выполнении операции на адресе 0 на порту COM3, попытка 1/3:
2024-11-22 22:22:46 [ERROR]: [Mill10b] Ошибка при выполнении операции на адресе 0 на порту COM1, попытка 1/3:
2024-11-22 22:23:17 [ERROR]: Ошибка при выполнении операции из очереди COM7:
2024-11-22 22:23:19 [ERROR]: [ReactorK296] Ошибка при выполнении операции на адресе 0 на порту COM7, попытка 1/3:
2024-11-22 22:23:19 [ERROR]: Ошибка подключения к Modbus на порту COM7:
2024-11-22 22:23:44 [ERROR]: Ошибка при выполнении операции из очереди COM7:
2024-11-22 22:23:46 [ERROR]: [Mill2] Ошибка при выполнении операции на адресе 0 на порту COM7, попытка 1/3:
2024-11-22 22:23:46 [ERROR]: Ошибка подключения к Modbus на порту COM7:
2024-11-22 22:25:16 [ERROR]: [Mill10b] Ошибка при выполнении операции на адресе 6 на порту COM1, попытка 1/3:
2024-11-22 22:27:56 [ERROR]: [Mill10b] Ошибка при выполнении операции на адресе 6 на порту COM1, попытка 1/3:
2024-11-22 22:29:16 [ERROR]: [Mill10b] Ошибка при выполнении операции на адресе 1 на порту COM1, попытка 1/3:
2024-11-22 22:30:47 [ERROR]: Ошибка при выполнении операции из очереди COM7:
2024-11-22 22:30:49 [ERROR]: [ReactorK296] Ошибка при выполнении операции на адресе 0 на порту COM7, попытка 1/3:
2024-11-22 22:30:49 [ERROR]: Ошибка подключения к Modbus на порту COM7:
2024-11-22 22:30:56 [ERROR]: [Mill10b] Ошибка при выполнении операции на адресе 0 на порту COM1, попытка 1/3:
2024-11-22 22:31:44 [ERROR]: [Sushilka2] Ошибка при выполнении операции на адресе 0 на порту COM3, попытка 1/3:
2024-11-22 22:32:47 [ERROR]: Ошибка при выполнении операции из очереди COM7:
2024-11-22 22:32:49 [ERROR]: [ReactorK296] Ошибка при выполнении операции на адресе 0 на порту COM7, попытка 1/3:
2024-11-22 22:32:49 [ERROR]: Ошибка подключения к Modbus на порту COM7:
2024-11-22 22:32:56 [ERROR]: [Mill10b] Ошибка при выполнении операции на адресе 3 на порту COM1, попытка 1/3:
2024-11-22 22:35:46 [ERROR]: [Mill10b] Ошибка при выполнении операции на адресе 3 на порту COM1, попытка 1/3:
2024-11-22 22:35:58 [ERROR]: [Mill10b] Ошибка при выполнении операции на адресе 1 на порту COM1, попытка 1/3:
2024-11-22 22:36:46 [ERROR]: [Mill10b] Ошибка при выполнении операции на адресе 6 на порту COM1, попытка 1/3:
2024-11-22 22:38:38 [ERROR]: Ошибка при выполнении операции из очереди COM7:
2024-11-22 22:38:40 [ERROR]: [ReactorK296] Ошибка при выполнении операции на адресе 0 на порту COM7, попытка 1/3:
2024-11-22 22:38:40 [ERROR]: Ошибка подключения к Modbus на порту COM7:
2024-11-22 22:40:14 [ERROR]: [Sushilka2] Ошибка при выполнении операции на адресе 0 на порту COM3, попытка 1/3:
2024-11-22 22:40:44 [ERROR]: [Sushilka2] Ошибка при выполнении операции на адресе 0 на порту COM3, попытка 1/3:
2024-11-22 22:40:57 [ERROR]: [Mill10b] Ошибка при выполнении операции на адресе 6 на порту COM1, попытка 1/3:
2024-11-22 22:41:47 [ERROR]: [Mill10b] Ошибка при выполнении операции на адресе 1 на порту COM1, попытка 1/3:
2024-11-22 22:42:38 [ERROR]: Ошибка при выполнении операции из очереди COM7:
2024-11-22 22:42:40 [ERROR]: [ReactorK296] Ошибка при выполнении операции на адресе 0 на порту COM7, попытка 1/3:
2024-11-22 22:42:40 [ERROR]: Ошибка подключения к Modbus на порту COM7:
2024-11-22 22:42:45 [ERROR]: [Sushilka2] Ошибка при выполнении операции на адресе 0 на порту COM3, попытка 1/3:
2024-11-22 22:42:55 [ERROR]: Ошибка при выполнении операции из очереди COM7:
2024-11-22 22:42:57 [ERROR]: [ReactorK296] Ошибка при выполнении операции на адресе 0 на порту COM7, попытка 1/3:
2024-11-22 22:42:57 [ERROR]: Ошибка подключения к Modbus на порту COM7:
2024-11-22 22:42:57 [ERROR]: [ReactorK296] Ошибка при выполнении операции на адресе 2 на порту COM7, попытка 1/3:
2024-11-22 22:43:23 [ERROR]: Ошибка при выполнении операции из очереди COM7:
2024-11-22 22:43:25 [ERROR]: [Mill2] Ошибка при выполнении операции на адресе 0 на порту COM7, попытка 1/3:
2024-11-22 22:43:35 [ERROR]: [Sushilka2] Ошибка при выполнении операции на адресе 0 на порту COM3, попытка 1/3:
2024-11-22 22:43:37 [ERROR]: [ReactorK296] Ошибка при выполнении операции на адресе 10 на порту COM7, попытка 1/3:
2024-11-22 22:43:37 [ERROR]: Ошибка подключения к Modbus на порту COM7:
2024-11-22 22:43:37 [ERROR]: [ReactorK296] Ошибка при выполнении операции на адресе 12 на порту COM7, попытка 1/3:
2024-11-22 22:44:37 [ERROR]: [Mill10b] Ошибка при выполнении операции на адресе 6 на порту COM1, попытка 1/3:
2024-11-22 22:47:17 [ERROR]: [Mill10b] Ошибка при выполнении операции на адресе 3 на порту COM1, попытка 1/3:
2024-11-22 22:47:37 [ERROR]: [Mill10b] Ошибка при выполнении операции на адресе 3 на порту COM1, попытка 1/3:
2024-11-22 22:50:17 [ERROR]: [Mill10b] Ошибка при выполнении операции на адресе 8 на порту COM1, попытка 1/3:
2024-11-22 22:51:38 [ERROR]: Ошибка при выполнении операции из очереди COM7:
2024-11-22 22:51:40 [ERROR]: [ReactorK296] Ошибка при выполнении операции на адресе 0 на порту COM7, попытка 1/3:
2024-11-22 22:51:40 [ERROR]: Ошибка подключения к Modbus на порту COM7:
2024-11-22 22:55:38 [ERROR]: Ошибка при выполнении операции из очереди COM7:
2024-11-22 22:55:40 [ERROR]: [ReactorK296] Ошибка при выполнении операции на адресе 0 на порту COM7, попытка 1/3:
2024-11-22 22:55:40 [ERROR]: Ошибка подключения к Modbus на порту COM7:
2024-11-22 22:57:08 [ERROR]: Ошибка при выполнении операции из очереди COM7:
2024-11-22 22:57:10 [ERROR]: [ReactorK296] Ошибка при выполнении операции на адресе 0 на порту COM7, попытка 1/3:
2024-11-22 22:57:10 [ERROR]: Ошибка подключения к Modbus на порту COM7:
2024-11-22 22:57:26 [ERROR]: Ошибка при выполнении операции из очереди COM7:
2024-11-22 22:57:28 [ERROR]: [ReactorK296] Ошибка при выполнении операции на адресе 0 на порту COM7, попытка 1/3:
2024-11-22 22:57:28 [ERROR]: Ошибка подключения к Modbus на порту COM7:
2024-11-22 22:57:28 [ERROR]: [ReactorK296] Ошибка при выполнении операции на адресе 2 на порту COM7, попытка 1/3:
2024-11-22 22:57:53 [ERROR]: Ошибка при выполнении операции из очереди COM7:
2024-11-22 22:57:55 [ERROR]: [Mill2] Ошибка при выполнении операции на адресе 0 на порту COM7, попытка 1/3:
2024-11-22 22:57:55 [ERROR]: [ReactorK296] Ошибка при выполнении операции на адресе 12 на порту COM7, попытка 1/3:
2024-11-22 22:57:55 [ERROR]: Ошибка подключения к Modbus на порту COM7:
2024-11-22 22:59:15 [ERROR]: [Sushilka2] Ошибка при выполнении операции на адресе 0 на порту COM3, попытка 1/3:
2024-11-22 22:59:55 [ERROR]: [Sushilka2] Ошибка при выполнении операции на адресе 0 на порту COM3, попытка 1/3:
2024-11-22 22:59:57 [ERROR]: [Mill10b] Ошибка при выполнении операции на адресе 0 на порту COM1, попытка 1/3:
2024-11-22 22:59:58 [ERROR]: Ошибка при выполнении операции из очереди COM7:
2024-11-22 23:00:00 [ERROR]: [ReactorK296] Ошибка при выполнении операции на адресе 0 на порту COM7, попытка 1/3:
2024-11-22 23:00:00 [ERROR]: Ошибка подключения к Modbus на порту COM7:
2024-11-22 23:00:09 [ERROR]: [Mill10b] Ошибка при выполнении операции на адресе 2 на порту COM1, попытка 1/3:
2024-11-22 23:00:26 [ERROR]: Ошибка при выполнении операции из очереди COM7:
2024-11-22 23:00:28 [ERROR]: [Mill2] Ошибка при выполнении операции на адресе 0 на порту COM7, попытка 1/3:
2024-11-22 23:00:28 [ERROR]: Ошибка подключения к Modbus на порту COM7:
2024-11-22 23:01:37 [ERROR]: [Mill10b] Ошибка при выполнении операции на адресе 1 на порту COM1, попытка 1/3:
2024-11-22 23:01:50 [ERROR]: [Mill10b] Ошибка при выполнении операции на адресе 8 на порту COM1, попытка 1/3:
2024-11-22 23:01:55 [ERROR]: [Sushilka2] Ошибка при выполнении операции на адресе 0 на порту COM3, попытка 1/3:
2024-11-22 23:02:25 [ERROR]: [Sushilka2] Ошибка при выполнении операции на адресе 0 на порту COM3, попытка 1/3:
2024-11-22 23:04:39 [ERROR]: Ошибка при выполнении операции из очереди COM7:
2024-11-22 23:04:41 [ERROR]: [ReactorK296] Ошибка при выполнении операции на адресе 0 на порту COM7, попытка 1/3:
2024-11-22 23:04:41 [ERROR]: Ошибка подключения к Modbus на порту COM7:
2024-11-22 23:04:58 [ERROR]: [Mill10b] Ошибка при выполнении операции на адресе 0 на порту COM1, попытка 1/3:
2024-11-22 23:05:06 [ERROR]: Ошибка при выполнении операции из очереди COM7:
2024-11-22 23:05:08 [ERROR]: [Mill2] Ошибка при выполнении операции на адресе 0 на порту COM7, попытка 1/3:
2024-11-22 23:05:08 [ERROR]: Ошибка подключения к Modbus на порту COM7:
2024-11-22 23:05:25 [ERROR]: [Mill10b] Ошибка при выполнении операции на адресе 4 на порту COM1, попытка 1/3:
2024-11-22 23:06:28 [ERROR]: [Mill10b] Ошибка при выполнении операции на адресе 8 на порту COM1, попытка 1/3:
2024-11-22 23:06:58 [ERROR]: [Mill10b] Ошибка при выполнении операции на адресе 1 на порту COM1, попытка 1/3:
2024-11-22 23:08:06 [ERROR]: [Sushilka2] Ошибка при выполнении операции на адресе 0 на порту COM3, попытка 1/3:
2024-11-22 23:08:36 [ERROR]: [Sushilka2] Ошибка при выполнении операции на адресе 0 на порту COM3, попытка 1/3:
2024-11-22 23:08:58 [ERROR]: [Mill10b] Ошибка при выполнении операции на адресе 8 на порту COM1, попытка 1/3:
2024-11-22 23:09:06 [ERROR]: [Sushilka2] Ошибка при выполнении операции на адресе 0 на порту COM3, попытка 1/3:
2024-11-22 23:13:18 [ERROR]: [Mill10b] Ошибка при выполнении операции на адресе 3 на порту COM1, попытка 1/3:
2024-11-22 23:13:58 [ERROR]: [Mill10b] Ошибка при выполнении операции на адресе 7 на порту COM1, попытка 1/3:
2024-11-22 23:14:28 [ERROR]: [Mill10b] Ошибка при выполнении операции на адресе 1 на порту COM1, попытка 1/3:
2024-11-22 23:14:36 [ERROR]: [Sushilka2] Ошибка при выполнении операции на адресе 0 на порту COM3, попытка 1/3:
2024-11-22 23:17:46 [ERROR]: [Sushilka2] Ошибка при выполнении операции на адресе 0 на порту COM3, попытка 1/3:
2024-11-22 23:18:16 [ERROR]: [Sushilka2] Ошибка при выполнении операции на адресе 0 на порту COM3, попытка 1/3:
2024-11-22 23:18:38 [ERROR]: [Mill10b] Ошибка при выполнении операции на адресе 2 на порту COM1, попытка 1/3:
2024-11-22 23:18:59 [ERROR]: Ошибка при выполнении операции из очереди COM7:
2024-11-22 23:19:01 [ERROR]: [Sushilka2] Ошибка при выполнении операции на адресе 0 на порту COM3, попытка 2/3:
2024-11-22 23:19:01 [ERROR]: [ReactorK296] Ошибка при выполнении операции на адресе 0 на порту COM7, попытка 1/3:
2024-11-22 23:19:01 [ERROR]: Ошибка подключения к Modbus на порту COM7:
2024-11-22 23:19:46 [ERROR]: [Sushilka2] Ошибка при выполнении операции на адресе 0 на порту COM3, попытка 3/3:
2024-11-22 23:20:19 [ERROR]: Ошибка при выполнении операции из очереди COM7:
2024-11-22 23:20:21 [ERROR]: [ReactorK296] Ошибка при выполнении операции на адресе 0 на порту COM7, попытка 1/3:
2024-11-22 23:20:21 [ERROR]: Ошибка подключения к Modbus на порту COM7:
2024-11-22 23:20:47 [ERROR]: Ошибка при выполнении операции из очереди COM7:
2024-11-22 23:20:49 [ERROR]: [Mill2] Ошибка при выполнении операции на адресе 0 на порту COM7, попытка 1/3:
2024-11-22 23:20:49 [ERROR]: Ошибка подключения к Modbus на порту COM7:
2024-11-22 23:22:19 [ERROR]: [Mill10b] Ошибка при выполнении операции на адресе 8 на порту COM1, попытка 1/3:
2024-11-22 23:23:29 [ERROR]: [Mill10b] Ошибка при выполнении операции на адресе 8 на порту COM1, попытка 1/3:
2024-11-22 23:25:06 [ERROR]: [Sushilka2] Ошибка при выполнении операции на адресе 0 на порту COM3, попытка 1/3:
2024-11-22 23:25:56 [ERROR]: [Sushilka2] Ошибка при выполнении операции на адресе 0 на порту COM3, попытка 1/3:
2024-11-22 23:26:46 [ERROR]: [Sushilka2] Ошибка при выполнении операции на адресе 0 на порту COM3, попытка 1/3:
2024-11-22 23:27:10 [ERROR]: Ошибка при выполнении операции из очереди COM7:
2024-11-22 23:27:12 [ERROR]: [ReactorK296] Ошибка при выполнении операции на адресе 0 на порту COM7, попытка 1/3:
2024-11-22 23:27:12 [ERROR]: Ошибка подключения к Modbus на порту COM7:
2024-11-22 23:27:29 [ERROR]: [Mill10b] Ошибка при выполнении операции на адресе 7 на порту COM1, попытка 1/3:
2024-11-22 23:27:37 [ERROR]: Ошибка при выполнении операции из очереди COM7:
2024-11-22 23:27:39 [ERROR]: [Mill2] Ошибка при выполнении операции на адресе 0 на порту COM7, попытка 1/3:
2024-11-22 23:27:39 [ERROR]: Ошибка подключения к Modbus на порту COM7:
2024-11-22 23:27:49 [ERROR]: [Mill10b] Ошибка при выполнении операции на адресе 5 на порту COM1, попытка 1/3:
2024-11-22 23:28:01 [ERROR]: [Mill10b] Ошибка при выполнении операции на адресе 3 на порту COM1, попытка 1/3:
2024-11-22 23:28:13 [ERROR]: [Mill10b] Ошибка при выполнении операции на адресе 1 на порту COM1, попытка 1/3:
2024-11-22 23:28:26 [ERROR]: [Mill10b] Ошибка при выполнении операции на адресе 6 на порту COM1, попытка 1/3:
2024-11-22 23:30:09 [ERROR]: [Mill10b] Ошибка при выполнении операции на адресе 0 на порту COM1, попытка 1/3:
2024-11-22 23:30:20 [ERROR]: Ошибка при выполнении операции из очереди COM7:
2024-11-22 23:30:22 [ERROR]: [ReactorK296] Ошибка при выполнении операции на адресе 0 на порту COM7, попытка 1/3:
2024-11-22 23:30:22 [ERROR]: Ошибка подключения к Modbus на порту COM7:
2024-11-22 23:30:49 [ERROR]: [Mill10b] Ошибка при выполнении операции на адресе 0 на порту COM1, попытка 1/3:
2024-11-22 23:31:59 [ERROR]: [Mill10b] Ошибка при выполнении операции на адресе 7 на порту COM1, попытка 1/3:
2024-11-22 23:32:17 [ERROR]: [Sushilka2] Ошибка при выполнении операции на адресе 0 на порту COM3, попытка 1/3:
2024-11-22 23:32:57 [ERROR]: [Sushilka2] Ошибка при выполнении операции на адресе 0 на порту COM3, попытка 1/3:
2024-11-22 23:34:09 [ERROR]: [Mill10b] Ошибка при выполнении операции на адресе 6 на порту COM1, попытка 1/3:
2024-11-22 23:35:09 [ERROR]: [Mill10b] Ошибка при выполнении операции на адресе 8 на порту COM1, попытка 1/3:
2024-11-22 23:35:17 [ERROR]: [Sushilka2] Ошибка при выполнении операции на адресе 0 на порту COM3, попытка 1/3:
2024-11-22 23:35:57 [ERROR]: [Sushilka2] Ошибка при выполнении операции на адресе 0 на порту COM3, попытка 1/3:
2024-11-22 23:36:29 [ERROR]: [Mill10b] Ошибка при выполнении операции на адресе 1 на порту COM1, попытка 1/3:
2024-11-22 23:37:29 [ERROR]: [Mill10b] Ошибка при выполнении операции на адресе 4 на порту COM1, попытка 1/3:
2024-11-22 23:39:19 [ERROR]: [Mill10b] Ошибка при выполнении операции на адресе 2 на порту COM1, попытка 1/3:
2024-11-22 23:39:27 [ERROR]: [Sushilka2] Ошибка при выполнении операции на адресе 0 на порту COM3, попытка 1/3:
2024-11-22 23:40:07 [ERROR]: [Sushilka2] Ошибка при выполнении операции на адресе 0 на порту COM3, попытка 1/3:
2024-11-22 23:40:37 [ERROR]: [Sushilka2] Ошибка при выполнении операции на адресе 0 на порту COM3, попытка 2/3:
2024-11-22 23:40:39 [ERROR]: [Mill10b] Ошибка при выполнении операции на адресе 0 на порту COM1, попытка 1/3:
2024-11-22 23:41:06 [ERROR]: [Mill10b] Ошибка при выполнении операции на адресе 6 на порту COM1, попытка 1/3:
2024-11-22 23:41:27 [ERROR]: [Sushilka2] Ошибка при выполнении операции на адресе 0 на порту COM3, попытка 1/3:
2024-11-22 23:45:20 [ERROR]: Ошибка при выполнении операции из очереди COM7:
2024-11-22 23:45:22 [ERROR]: [ReactorK296] Ошибка при выполнении операции на адресе 0 на порту COM7, попытка 1/3:
2024-11-22 23:45:22 [ERROR]: Ошибка подключения к Modbus на порту COM7:
2024-11-22 23:46:11 [ERROR]: Ошибка при выполнении операции из очереди COM7:
2024-11-22 23:46:13 [ERROR]: [ReactorK296] Ошибка при выполнении операции на адресе 0 на порту COM7, попытка 1/3:
2024-11-22 23:46:13 [ERROR]: Ошибка подключения к Modbus на порту COM7:
2024-11-22 23:46:38 [ERROR]: Ошибка при выполнении операции из очереди COM7:
2024-11-22 23:46:40 [ERROR]: [Mill2] Ошибка при выполнении операции на адресе 0 на порту COM7, попытка 1/3:
2024-11-22 23:46:40 [ERROR]: Ошибка подключения к Modbus на порту COM7:
2024-11-22 23:47:27 [ERROR]: [Sushilka2] Ошибка при выполнении операции на адресе 0 на порту COM3, попытка 1/3:
2024-11-22 23:47:57 [ERROR]: [Sushilka2] Ошибка при выполнении операции на адресе 0 на порту COM3, попытка 1/3:
2024-11-22 23:48:00 [ERROR]: [Mill10b] Ошибка при выполнении операции на адресе 8 на порту COM1, попытка 1/3:
2024-11-22 23:48:30 [ERROR]: [Mill10b] Ошибка при выполнении операции на адресе 5 на порту COM1, попытка 1/3:
2024-11-22 23:48:47 [ERROR]: [Sushilka2] Ошибка при выполнении операции на адресе 0 на порту COM3, попытка 1/3:
2024-11-22 23:49:01 [ERROR]: Ошибка при выполнении операции из очереди COM7:
2024-11-22 23:49:03 [ERROR]: [ReactorK296] Ошибка при выполнении операции на адресе 0 на порту COM7, попытка 1/3:
2024-11-22 23:49:03 [ERROR]: Ошибка подключения к Modbus на порту COM7:
2024-11-22 23:49:27 [ERROR]: [Sushilka2] Ошибка при выполнении операции на адресе 0 на порту COM3, попытка 1/3:
2024-11-22 23:50:40 [ERROR]: [Mill10b] Ошибка при выполнении операции на адресе 8 на порту COM1, попытка 1/3:
2024-11-22 23:52:00 [ERROR]: [Mill10b] Ошибка при выполнении операции на адресе 7 на порту COM1, попытка 1/3:
2024-11-22 23:52:50 [ERROR]: [Mill10b] Ошибка при выполнении операции на адресе 1 на порту COM1, попытка 1/3:
2024-11-22 23:53:18 [ERROR]: [Sushilka2] Ошибка при выполнении операции на адресе 0 на порту COM3, попытка 1/3:
2024-11-22 23:54:40 [ERROR]: [Mill10b] Ошибка при выполнении операции на адресе 4 на порту COM1, попытка 1/3:
2024-11-22 23:55:28 [ERROR]: [Sushilka2] Ошибка при выполнении операции на адресе 0 на порту COM3, попытка 1/3:
2024-11-22 23:55:30 [ERROR]: [Mill10b] Ошибка при выполнении операции на адресе 0 на порту COM1, попытка 1/3:
2024-11-22 23:55:58 [ERROR]: [Sushilka2] Ошибка при выполнении операции на адресе 0 на порту COM3, попытка 1/3:
2024-11-22 23:56:20 [ERROR]: [Mill10b] Ошибка при выполнении операции на адресе 5 на порту COM1, попытка 1/3:
2024-11-22 23:56:48 [ERROR]: [Sushilka2] Ошибка при выполнении операции на адресе 0 на порту COM3, попытка 1/3:
2024-11-22 23:57:00 [ERROR]: [Mill10b] Ошибка при выполнении операции на адресе 6 на порту COM1, попытка 1/3:
2024-11-22 23:57:28 [ERROR]: [Sushilka2] Ошибка при выполнении операции на адресе 0 на порту COM3, попытка 1/3:
